This is pdfTeX, Version 3.141592653-2.6-1.40.28 (MiKTeX 25.12) (preloaded format=pdflatex 2026.2.12)  27 FEB 2026 22:34
entering extended mode
 restricted \write18 enabled.
 %&-line parsing enabled.
**./Paper.tex
(Paper.tex
LaTeX2e <2025-11-01>
L3 programming layer <2025-12-24>
(C:\Users\krpz\AppData\Local\Programs\MiKTeX\tex/latex/base\article.cls
Document Class: article 2025/01/22 v1.4n Standard LaTeX document class
(C:\Users\krpz\AppData\Local\Programs\MiKTeX\tex/latex/base\size12.clo
File: size12.clo 2025/01/22 v1.4n Standard LaTeX file (size option)
)
\c@part=\count275
\c@section=\count276
\c@subsection=\count277
\c@subsubsection=\count278
\c@paragraph=\count279
\c@subparagraph=\count280
\c@figure=\count281
\c@table=\count282
\abovecaptionskip=\skip49
\belowcaptionskip=\skip50
\bibindent=\dimen148
)
(C:\Users\krpz\AppData\Local\Programs\MiKTeX\tex/latex/geometry\geometry.sty
Package: geometry 2020/01/02 v5.9 Page Geometry

(C:\Users\krpz\AppData\Local\Programs\MiKTeX\tex/latex/graphics\keyval.sty
Package: keyval 2022/05/29 v1.15 key=value parser (DPC)
\KV@toks@=\toks17
)
(C:\Users\krpz\AppData\Local\Programs\MiKTeX\tex/generic/iftex\ifvtex.sty
Package: ifvtex 2019/10/25 v1.7 ifvtex legacy package. Use iftex instead.

(C:\Users\krpz\AppData\Local\Programs\MiKTeX\tex/generic/iftex\iftex.sty
Package: iftex 2024/12/12 v1.0g TeX engine tests
))
\Gm@cnth=\count283
\Gm@cntv=\count284
\c@Gm@tempcnt=\count285
\Gm@bindingoffset=\dimen149
\Gm@wd@mp=\dimen150
\Gm@odd@mp=\dimen151
\Gm@even@mp=\dimen152
\Gm@layoutwidth=\dimen153
\Gm@layoutheight=\dimen154
\Gm@layouthoffset=\dimen155
\Gm@layoutvoffset=\dimen156
\Gm@dimlist=\toks18

(C:\Users\krpz\AppData\Local\Programs\MiKTeX\tex/latex/geometry\geometry.cfg))
(C:\Users\krpz\AppData\Local\Programs\MiKTeX\tex/latex/graphics\graphicx.sty
Package: graphicx 2024/12/31 v1.2e Enhanced LaTeX Graphics (DPC,SPQR)

(C:\Users\krpz\AppData\Local\Programs\MiKTeX\tex/latex/graphics\graphics.sty
Package: graphics 2024/08/06 v1.4g Standard LaTeX Graphics (DPC,SPQR)

(C:\Users\krpz\AppData\Local\Programs\MiKTeX\tex/latex/graphics\trig.sty
Package: trig 2023/12/02 v1.11 sin cos tan (DPC)
)
(C:\Users\krpz\AppData\Local\Programs\MiKTeX\tex/latex/graphics-cfg\graphics.cf
g
File: graphics.cfg 2016/06/04 v1.11 sample graphics configuration
)
Package graphics Info: Driver file: pdftex.def on input line 106.

(C:\Users\krpz\AppData\Local\Programs\MiKTeX\tex/latex/graphics-def\pdftex.def
File: pdftex.def 2025/09/29 v1.2d Graphics/color driver for pdftex
))
\Gin@req@height=\dimen157
\Gin@req@width=\dimen158
) (C:\Users\krpz\AppData\Local\Programs\MiKTeX\tex/latex/booktabs\booktabs.sty
Package: booktabs 2020/01/12 v1.61803398 Publication quality tables
\heavyrulewidth=\dimen159
\lightrulewidth=\dimen160
\cmidrulewidth=\dimen161
\belowrulesep=\dimen162
\belowbottomsep=\dimen163
\aboverulesep=\dimen164
\abovetopsep=\dimen165
\cmidrulesep=\dimen166
\cmidrulekern=\dimen167
\defaultaddspace=\dimen168
\@cmidla=\count286
\@cmidlb=\count287
\@aboverulesep=\dimen169
\@belowrulesep=\dimen170
\@thisruleclass=\count288
\@lastruleclass=\count289
\@thisrulewidth=\dimen171
) (C:\Users\krpz\AppData\Local\Programs\MiKTeX\tex/latex/caption\caption.sty
Package: caption 2023/08/05 v3.6o Customizing captions (AR)

(C:\Users\krpz\AppData\Local\Programs\MiKTeX\tex/latex/caption\caption3.sty
Package: caption3 2023/07/31 v2.4d caption3 kernel (AR)
\caption@tempdima=\dimen172
\captionmargin=\dimen173
\caption@leftmargin=\dimen174
\caption@rightmargin=\dimen175
\caption@width=\dimen176
\caption@indent=\dimen177
\caption@parindent=\dimen178
\caption@hangindent=\dimen179
Package caption Info: Standard document class detected.
)
\c@caption@flags=\count290
\c@continuedfloat=\count291
)
(C:\Users\krpz\AppData\Local\Programs\MiKTeX\tex/latex/caption\subcaption.sty
Package: subcaption 2023/07/28 v1.6b Sub-captions (AR)
Package caption Info: New subtype `subfigure' on input line 238.
\c@subfigure=\count292
Package caption Info: New subtype `subtable' on input line 238.
\c@subtable=\count293
)
(C:\Users\krpz\AppData\Local\Programs\MiKTeX\tex/latex/amsmath\amsmath.sty
Package: amsmath 2025/07/09 v2.17z AMS math features
\@mathmargin=\skip51

For additional information on amsmath, use the `?' option.
(C:\Users\krpz\AppData\Local\Programs\MiKTeX\tex/latex/amsmath\amstext.sty
Package: amstext 2024/11/17 v2.01 AMS text

(C:\Users\krpz\AppData\Local\Programs\MiKTeX\tex/latex/amsmath\amsgen.sty
File: amsgen.sty 1999/11/30 v2.0 generic functions
\@emptytoks=\toks19
\ex@=\dimen180
))
(C:\Users\krpz\AppData\Local\Programs\MiKTeX\tex/latex/amsmath\amsbsy.sty
Package: amsbsy 1999/11/29 v1.2d Bold Symbols
\pmbraise@=\dimen181
)
(C:\Users\krpz\AppData\Local\Programs\MiKTeX\tex/latex/amsmath\amsopn.sty
Package: amsopn 2022/04/08 v2.04 operator names
)
\inf@bad=\count294
LaTeX Info: Redefining \frac on input line 233.
\uproot@=\count295
\leftroot@=\count296
LaTeX Info: Redefining \overline on input line 398.
LaTeX Info: Redefining \colon on input line 409.
\classnum@=\count297
\DOTSCASE@=\count298
LaTeX Info: Redefining \ldots on input line 495.
LaTeX Info: Redefining \dots on input line 498.
LaTeX Info: Redefining \cdots on input line 619.
\Mathstrutbox@=\box53
\strutbox@=\box54
LaTeX Info: Redefining \big on input line 721.
LaTeX Info: Redefining \Big on input line 722.
LaTeX Info: Redefining \bigg on input line 723.
LaTeX Info: Redefining \Bigg on input line 724.
\big@size=\dimen182
LaTeX Font Info:    Redeclaring font encoding OML on input line 742.
LaTeX Font Info:    Redeclaring font encoding OMS on input line 743.
\macc@depth=\count299
LaTeX Info: Redefining \bmod on input line 904.
LaTeX Info: Redefining \pmod on input line 909.
LaTeX Info: Redefining \smash on input line 939.
LaTeX Info: Redefining \relbar on input line 969.
LaTeX Info: Redefining \Relbar on input line 970.
\c@MaxMatrixCols=\count300
\dotsspace@=\muskip17
\c@parentequation=\count301
\dspbrk@lvl=\count302
\tag@help=\toks20
\row@=\count303
\column@=\count304
\maxfields@=\count305
\andhelp@=\toks21
\eqnshift@=\dimen183
\alignsep@=\dimen184
\tagshift@=\dimen185
\tagwidth@=\dimen186
\totwidth@=\dimen187
\lineht@=\dimen188
\@envbody=\toks22
\multlinegap=\skip52
\multlinetaggap=\skip53
\mathdisplay@stack=\toks23
LaTeX Info: Redefining \[ on input line 2950.
LaTeX Info: Redefining \] on input line 2951.
)
(C:\Users\krpz\AppData\Local\Programs\MiKTeX\tex/latex/amsfonts\amssymb.sty
Package: amssymb 2013/01/14 v3.01 AMS font symbols

(C:\Users\krpz\AppData\Local\Programs\MiKTeX\tex/latex/amsfonts\amsfonts.sty
Package: amsfonts 2013/01/14 v3.01 Basic AMSFonts support
\symAMSa=\mathgroup4
\symAMSb=\mathgroup5
LaTeX Font Info:    Redeclaring math symbol \hbar on input line 98.
LaTeX Font Info:    Overwriting math alphabet `\mathfrak' in version `bold'
(Font)                  U/euf/m/n --> U/euf/b/n on input line 106.
))
(C:\Users\krpz\AppData\Local\Programs\MiKTeX\tex/latex/hyperref\hyperref.sty
Package: hyperref 2025-07-12 v7.01o Hypertext links for LaTeX

(C:\Users\krpz\AppData\Local\Programs\MiKTeX\tex/latex/kvsetkeys\kvsetkeys.sty
Package: kvsetkeys 2022-10-05 v1.19 Key value parser (HO)
)
(C:\Users\krpz\AppData\Local\Programs\MiKTeX\tex/generic/kvdefinekeys\kvdefinek
eys.sty
Package: kvdefinekeys 2019-12-19 v1.6 Define keys (HO)
)
(C:\Users\krpz\AppData\Local\Programs\MiKTeX\tex/generic/pdfescape\pdfescape.st
y
Package: pdfescape 2019/12/09 v1.15 Implements pdfTeX's escape features (HO)
 (C:\Users\krpz\AppData\Local\Programs\MiKTeX\tex/generic/ltxcmds\ltxcmds.sty
Package: ltxcmds 2023-12-04 v1.26 LaTeX kernel commands for general use (HO)
)
(C:\Users\krpz\AppData\Local\Programs\MiKTeX\tex/generic/pdftexcmds\pdftexcmds.
sty
Package: pdftexcmds 2020-06-27 v0.33 Utility functions of pdfTeX for LuaTeX (HO
)

(C:\Users\krpz\AppData\Local\Programs\MiKTeX\tex/generic/infwarerr\infwarerr.st
y
Package: infwarerr 2019/12/03 v1.5 Providing info/warning/error messages (HO)
)
Package pdftexcmds Info: \pdf@primitive is available.
Package pdftexcmds Info: \pdf@ifprimitive is available.
Package pdftexcmds Info: \pdfdraftmode found.
)) (C:\Users\krpz\AppData\Local\Programs\MiKTeX\tex/latex/hycolor\hycolor.sty
Package: hycolor 2020-01-27 v1.10 Color options for hyperref/bookmark (HO)
) (C:\Users\krpz\AppData\Local\Programs\MiKTeX\tex/latex/hyperref\nameref.sty
Package: nameref 2025-06-21 v2.57 Cross-referencing by name of section

(C:\Users\krpz\AppData\Local\Programs\MiKTeX\tex/latex/refcount\refcount.sty
Package: refcount 2019/12/15 v3.6 Data extraction from label references (HO)
)
(C:\Users\krpz\AppData\Local\Programs\MiKTeX\tex/generic/gettitlestring\gettitl
estring.sty
Package: gettitlestring 2019/12/15 v1.6 Cleanup title references (HO)

(C:\Users\krpz\AppData\Local\Programs\MiKTeX\tex/latex/kvoptions\kvoptions.sty
Package: kvoptions 2022-06-15 v3.15 Key value format for package options (HO)
))
\c@section@level=\count306
) (C:\Users\krpz\AppData\Local\Programs\MiKTeX\tex/latex/etoolbox\etoolbox.sty
Package: etoolbox 2025/10/02 v2.5m e-TeX tools for LaTeX (JAW)
\etb@tempcnta=\count307
)
(C:\Users\krpz\AppData\Local\Programs\MiKTeX\tex/generic/stringenc\stringenc.st
y
Package: stringenc 2019/11/29 v1.12 Convert strings between diff. encodings (HO
)
)
\@linkdim=\dimen189
\Hy@linkcounter=\count308
\Hy@pagecounter=\count309
 (C:\Users\krpz\AppData\Local\Programs\MiKTeX\tex/latex/hyperref\pd1enc.def
File: pd1enc.def 2025-07-12 v7.01o Hyperref: PDFDocEncoding definition (HO)
Now handling font encoding PD1 ...
... no UTF-8 mapping file for font encoding PD1
)
(C:\Users\krpz\AppData\Local\Programs\MiKTeX\tex/generic/intcalc\intcalc.sty
Package: intcalc 2019/12/15 v1.3 Expandable calculations with integers (HO)
)
\Hy@SavedSpaceFactor=\count310

(C:\Users\krpz\AppData\Local\Programs\MiKTeX\tex/latex/hyperref\puenc.def
File: puenc.def 2025-07-12 v7.01o Hyperref: PDF Unicode definition (HO)
Now handling font encoding PU ...
... no UTF-8 mapping file for font encoding PU
)
Package hyperref Info: Option `breaklinks' set `true' on input line 4066.
Package hyperref Info: Option `colorlinks' set `true' on input line 4066.
Package hyperref Info: Hyper figures OFF on input line 4195.
Package hyperref Info: Link nesting OFF on input line 4200.
Package hyperref Info: Hyper index ON on input line 4203.
Package hyperref Info: Plain pages OFF on input line 4210.
Package hyperref Info: Backreferencing OFF on input line 4215.
Package hyperref Info: Implicit mode ON; LaTeX internals redefined.
Package hyperref Info: Bookmarks ON on input line 4462.
\c@Hy@tempcnt=\count311

(C:\Users\krpz\AppData\Local\Programs\MiKTeX\tex/latex/url\url.sty
\Urlmuskip=\muskip18
Package: url 2013/09/16  ver 3.4  Verb mode for urls, etc.
)
LaTeX Info: Redefining \url on input line 4801.
\XeTeXLinkMargin=\dimen190

(C:\Users\krpz\AppData\Local\Programs\MiKTeX\tex/generic/bitset\bitset.sty
Package: bitset 2019/12/09 v1.3 Handle bit-vector datatype (HO)

(C:\Users\krpz\AppData\Local\Programs\MiKTeX\tex/generic/bigintcalc\bigintcalc.
sty
Package: bigintcalc 2019/12/15 v1.5 Expandable calculations on big integers (HO
)
))
\Fld@menulength=\count312
\Field@Width=\dimen191
\Fld@charsize=\dimen192
Package hyperref Info: Hyper figures OFF on input line 6078.
Package hyperref Info: Link nesting OFF on input line 6083.
Package hyperref Info: Hyper index ON on input line 6086.
Package hyperref Info: backreferencing OFF on input line 6093.
Package hyperref Info: Link coloring ON on input line 6096.
Package hyperref Info: Link coloring with OCG OFF on input line 6103.
Package hyperref Info: PDF/A mode OFF on input line 6108.
\Hy@abspage=\count313
\c@Item=\count314
\c@Hfootnote=\count315
)
Package hyperref Info: Driver (autodetected): hpdftex.

(C:\Users\krpz\AppData\Local\Programs\MiKTeX\tex/latex/hyperref\hpdftex.def
File: hpdftex.def 2025-07-12 v7.01o Hyperref driver for pdfTeX
\Fld@listcount=\count316
\c@bookmark@seq@number=\count317

(C:\Users\krpz\AppData\Local\Programs\MiKTeX\tex/latex/rerunfilecheck\rerunfile
check.sty
Package: rerunfilecheck 2025-06-21 v1.11 Rerun checks for auxiliary files (HO)

(C:\Users\krpz\AppData\Local\Programs\MiKTeX\tex/generic/uniquecounter\uniqueco
unter.sty
Package: uniquecounter 2019/12/15 v1.4 Provide unlimited unique counter (HO)
)
Package uniquecounter Info: New unique counter `rerunfilecheck' on input line 2
84.
)
\Hy@SectionHShift=\skip54
)
(C:\Users\krpz\AppData\Local\Programs\MiKTeX\tex/latex/natbib\natbib.sty
Package: natbib 2010/09/13 8.31b (PWD, AO)
\bibhang=\skip55
\bibsep=\skip56
LaTeX Info: Redefining \cite on input line 694.
\c@NAT@ctr=\count318
)
(C:\Users\krpz\AppData\Local\Programs\MiKTeX\tex/latex/setspace\setspace.sty
Package: setspace 2022/12/04 v6.7b set line spacing
)
(C:\Users\krpz\AppData\Local\Programs\MiKTeX\tex/latex/float\float.sty
Package: float 2001/11/08 v1.3d Float enhancements (AL)
\c@float@type=\count319
\float@exts=\toks24
\float@box=\box55
\@float@everytoks=\toks25
\@floatcapt=\box56
)
(C:\Users\krpz\AppData\Local\Programs\MiKTeX\tex/latex/tools\longtable.sty
Package: longtable 2025-10-13 v4.24 Multi-page Table package (DPC)
\LTleft=\skip57
\LTright=\skip58
\LTpre=\skip59
\LTpost=\skip60
\LTchunksize=\count320
\LTcapwidth=\dimen193
\LT@head=\box57
\LT@firsthead=\box58
\LT@foot=\box59
\LT@lastfoot=\box60
\LT@gbox=\box61
\LT@cols=\count321
\LT@rows=\count322
\c@LT@tables=\count323
\c@LT@chunks=\count324
\LT@p@ftn=\toks26
)
(C:\Users\krpz\AppData\Local\Programs\MiKTeX\tex/latex/enumitem\enumitem.sty
Package: enumitem 2025/02/06 v3.11 Customized lists
\labelindent=\skip61
\enit@outerparindent=\dimen194
\enit@toks=\toks27
\enit@inbox=\box62
\enit@count@id=\count325
\enitdp@description=\count326
)
(C:\Users\krpz\AppData\Local\Programs\MiKTeX\tex/latex/tools\tabularx.sty
Package: tabularx 2023/12/11 v2.12a `tabularx' package (DPC)

(C:\Users\krpz\AppData\Local\Programs\MiKTeX\tex/latex/tools\array.sty
Package: array 2025/09/25 v2.6n Tabular extension package (FMi)
\col@sep=\dimen195
\ar@mcellbox=\box63
\extrarowheight=\dimen196
\NC@list=\toks28
\extratabsurround=\skip62
\backup@length=\skip63
\ar@cellbox=\box64
)
\TX@col@width=\dimen197
\TX@old@table=\dimen198
\TX@old@col=\dimen199
\TX@target=\dimen256
\TX@delta=\dimen257
\TX@cols=\count327
\TX@ftn=\toks29
)
(C:\Users\krpz\AppData\Local\Programs\MiKTeX\tex/latex/l3backend\l3backend-pdft
ex.def
File: l3backend-pdftex.def 2025-10-09 L3 backend support: PDF output (pdfTeX)
\l__color_backend_stack_int=\count328
) (Paper.aux)
\openout1 = `Paper.aux'.

LaTeX Font Info:    Checking defaults for OML/cmm/m/it on input line 29.
LaTeX Font Info:    ... okay on input line 29.
LaTeX Font Info:    Checking defaults for OMS/cmsy/m/n on input line 29.
LaTeX Font Info:    ... okay on input line 29.
LaTeX Font Info:    Checking defaults for OT1/cmr/m/n on input line 29.
LaTeX Font Info:    ... okay on input line 29.
LaTeX Font Info:    Checking defaults for T1/cmr/m/n on input line 29.
LaTeX Font Info:    ... okay on input line 29.
LaTeX Font Info:    Checking defaults for TS1/cmr/m/n on input line 29.
LaTeX Font Info:    ... okay on input line 29.
LaTeX Font Info:    Checking defaults for OMX/cmex/m/n on input line 29.
LaTeX Font Info:    ... okay on input line 29.
LaTeX Font Info:    Checking defaults for U/cmr/m/n on input line 29.
LaTeX Font Info:    ... okay on input line 29.
LaTeX Font Info:    Checking defaults for PD1/pdf/m/n on input line 29.
LaTeX Font Info:    ... okay on input line 29.
LaTeX Font Info:    Checking defaults for PU/pdf/m/n on input line 29.
LaTeX Font Info:    ... okay on input line 29.

*geometry* driver: auto-detecting
*geometry* detected driver: pdftex
*geometry* verbose mode - [ preamble ] result:
* driver: pdftex
* paper: <default>
* layout: <same size as paper>
* layoutoffset:(h,v)=(0.0pt,0.0pt)
* modes: 
* h-part:(L,W,R)=(72.26999pt, 469.75502pt, 72.26999pt)
* v-part:(T,H,B)=(72.26999pt, 650.43001pt, 72.26999pt)
* \paperwidth=614.295pt
* \paperheight=794.96999pt
* \textwidth=469.75502pt
* \textheight=650.43001pt
* \oddsidemargin=0.0pt
* \evensidemargin=0.0pt
* \topmargin=-37.0pt
* \headheight=12.0pt
* \headsep=25.0pt
* \topskip=12.0pt
* \footskip=30.0pt
* \marginparwidth=44.0pt
* \marginparsep=10.0pt
* \columnsep=10.0pt
* \skip\footins=10.8pt plus 4.0pt minus 2.0pt
* \hoffset=0.0pt
* \voffset=0.0pt
* \mag=1000
* \@twocolumnfalse
* \@twosidefalse
* \@mparswitchfalse
* \@reversemarginfalse
* (1in=72.27pt=25.4mm, 1cm=28.453pt)


(C:\Users\krpz\AppData\Local\Programs\MiKTeX\tex/context/base/mkii\supp-pdf.mki
i
[Loading MPS to PDF converter (version 2006.09.02).]
\scratchcounter=\count329
\scratchdimen=\dimen258
\scratchbox=\box65
\nofMPsegments=\count330
\nofMParguments=\count331
\everyMPshowfont=\toks30
\MPscratchCnt=\count332
\MPscratchDim=\dimen259
\MPnumerator=\count333
\makeMPintoPDFobject=\count334
\everyMPtoPDFconversion=\toks31
)
(C:\Users\krpz\AppData\Local\Programs\MiKTeX\tex/latex/epstopdf-pkg\epstopdf-ba
se.sty
Package: epstopdf-base 2020-01-24 v2.11 Base part for package epstopdf
Package epstopdf-base Info: Redefining graphics rule for `.eps' on input line 4
85.

(C:\Users\krpz\AppData\Local\Programs\MiKTeX\tex/latex/00miktex\epstopdf-sys.cf
g
File: epstopdf-sys.cfg 2021/03/18 v2.0 Configuration of epstopdf for MiKTeX
))
Package caption Info: Begin \AtBeginDocument code.
Package caption Info: float package is loaded.
Package caption Info: hyperref package is loaded.
Package caption Info: longtable package is loaded.

(C:\Users\krpz\AppData\Local\Programs\MiKTeX\tex/latex/caption\ltcaption.sty
Package: ltcaption 2021/01/08 v1.4c longtable captions (AR)
)
Package caption Info: End \AtBeginDocument code.

(C:\Users\krpz\AppData\Local\Programs\MiKTeX\tex/latex/graphics\color.sty
Package: color 2025/01/14 v1.3e Standard LaTeX Color (DPC)

(C:\Users\krpz\AppData\Local\Programs\MiKTeX\tex/latex/graphics-cfg\color.cfg
File: color.cfg 2016/01/02 v1.6 sample color configuration
)
Package color Info: Driver file: pdftex.def on input line 149.

(C:\Users\krpz\AppData\Local\Programs\MiKTeX\tex/latex/graphics\mathcolor.ltx))
Package hyperref Info: Link coloring ON on input line 29.
(Paper.out) (Paper.out)
\@outlinefile=\write3
\openout3 = `Paper.out'.

LaTeX Font Info:    Trying to load font information for U+msa on input line 32.


(C:\Users\krpz\AppData\Local\Programs\MiKTeX\tex/latex/amsfonts\umsa.fd
File: umsa.fd 2013/01/14 v3.01 AMS symbols A
)
LaTeX Font Info:    Trying to load font information for U+msb on input line 32.


(C:\Users\krpz\AppData\Local\Programs\MiKTeX\tex/latex/amsfonts\umsb.fd
File: umsb.fd 2013/01/14 v3.01 AMS symbols B
)
Overfull \hbox (51.54504pt too wide) in paragraph at lines 35--37
[][][]$\OT1/cmtt/m/n/12 https : / / github . com / carlos-[]btc / Estimating-[]
Maritime-[]Security-[]as-[]Global-[]Public-[]Goods$[][]
 []

(Paper_sections/Introduction.tex [1

{C:/Users/krpz/AppData/Local/MiKTeX/fonts/map/pdftex/pdftex.map}]
<Figures/generated/global_quicklook.png, id=198, 867.24pt x 433.62pt>
File: Figures/generated/global_quicklook.png Graphic file (type png)
<use Figures/generated/global_quicklook.png>
Package pdftex.def Info: Figures/generated/global_quicklook.png  used on input 
line 11.
(pdftex.def)             Requested size: 469.75502pt x 234.87912pt.
 [2] [3 <./Figures/generated/global_quicklook.png>])
(Paper_sections/LitReview.tex [4] [5]) [6] (Paper_sections/DataMethods.tex
[7]
<Figures/generated/bounding_box_example.png, id=360, 546.3612pt x 563.34465pt>
File: Figures/generated/bounding_box_example.png Graphic file (type png)
<use Figures/generated/bounding_box_example.png>
Package pdftex.def Info: Figures/generated/bounding_box_example.png  used on in
put line 49.
(pdftex.def)             Requested size: 399.29463pt x 411.71095pt.
 [8] [9 <./Figures/generated/bounding_box_example.png>]
<Figures/generated/network_world_map.png, id=393, 1287.1287pt x 686.565pt>
File: Figures/generated/network_world_map.png Graphic file (type png)
<use Figures/generated/network_world_map.png>
Package pdftex.def Info: Figures/generated/network_world_map.png  used on input
 line 77.
(pdftex.def)             Requested size: 469.75502pt x 250.56795pt.
 [10] [11 <./Figures/generated/network_world_map.png>]
<Figures/generated/edge_cost_diagram.png, id=420, 853.14735pt x 505.1673pt>
File: Figures/generated/edge_cost_diagram.png Graphic file (type png)
<use Figures/generated/edge_cost_diagram.png>
Package pdftex.def Info: Figures/generated/edge_cost_diagram.png  used on input
 line 107.
(pdftex.def)             Requested size: 399.29463pt x 236.4343pt.
<Figures/generated/security_shifter_comparison.png, id=422, 1116.21014pt x 502.
2765pt>
File: Figures/generated/security_shifter_comparison.png Graphic file (type png)

<use Figures/generated/security_shifter_comparison.png>
Package pdftex.def Info: Figures/generated/security_shifter_comparison.png  use
d on input line 116.
(pdftex.def)             Requested size: 469.75502pt x 211.38388pt.
 [12 <./Figures/generated/edge_cost_diagram.png>]
<Figures/generated/congestion_calibration.png, id=434, 999.13275pt x 418.4433pt
>
File: Figures/generated/congestion_calibration.png Graphic file (type png)
<use Figures/generated/congestion_calibration.png>
Package pdftex.def Info: Figures/generated/congestion_calibration.png  used on 
input line 135.
(pdftex.def)             Requested size: 469.75502pt x 196.73222pt.
 [13 <./Figures/generated/security_shifter_comparison.png>]
<Figures/generated/route_choice_before_after.png, id=448, 1287.1287pt x 462.528
pt>
File: Figures/generated/route_choice_before_after.png Graphic file (type png)
<use Figures/generated/route_choice_before_after.png>
Package pdftex.def Info: Figures/generated/route_choice_before_after.png  used 
on input line 153.
(pdftex.def)             Requested size: 469.75502pt x 168.80367pt.
 [14 <./Figures/generated/congestion_calibration.png>]
Overfull \hbox (9.19527pt too wide) in paragraph at lines 164--165
 []\OT1/cmr/bx/n/12 Scenario 2: Par-tial ca-pac-ity degra-da-tion.[] \OT1/cmr/m
/n/12 We in-crease the cost mul-ti-plier on chokepoint-
 []

<Figures/generated/suez_scenario_3panel.png, id=459, 1431.30734pt x 492.52005pt
>
File: Figures/generated/suez_scenario_3panel.png Graphic file (type png)
<use Figures/generated/suez_scenario_3panel.png>
Package pdftex.def Info: Figures/generated/suez_scenario_3panel.png  used on in
put line 178.
(pdftex.def)             Requested size: 469.75502pt x 161.64531pt.
[15 <./Figures/generated/route_choice_before_after.png>])
(Paper_sections/Results.tex
File: Figures/generated/global_quicklook.png Graphic file (type png)
<use Figures/generated/global_quicklook.png>
Package pdftex.def Info: Figures/generated/global_quicklook.png  used on input 
line 11.
(pdftex.def)             Requested size: 469.75502pt x 234.87912pt.
 [16 <./Figures/generated/suez_scenario_3panel.png>]
<Figures/generated/suez_intensity_detail.png, id=485, 454.21695pt x 563.34465pt
>
File: Figures/generated/suez_intensity_detail.png Graphic file (type png)
<use Figures/generated/suez_intensity_detail.png>
Package pdftex.def Info: Figures/generated/suez_intensity_detail.png  used on i
nput line 22.
(pdftex.def)             Requested size: 375.80544pt x 466.12323pt.
[17]
<Figures/generated/suez_density_stats.png, id=496, 1067.4279pt x 947.09834pt>
File: Figures/generated/suez_density_stats.png Graphic file (type png)
<use Figures/generated/suez_density_stats.png>
Package pdftex.def Info: Figures/generated/suez_density_stats.png  used on inpu
t line 31.
(pdftex.def)             Requested size: 469.75502pt x 416.79681pt.
 [18 <./Figures/generated/suez_intensity_detail.png>] [19 <./Figures/generated/
suez_density_stats.png>] (Tables/generated/scenario_deltas_table.tex)
<Figures/generated/scenario_summary.png, id=516, 1076.1003pt x 425.30894pt>
File: Figures/generated/scenario_summary.png Graphic file (type png)
<use Figures/generated/scenario_summary.png>
Package pdftex.def Info: Figures/generated/scenario_summary.png  used on input 
line 53.
(pdftex.def)             Requested size: 469.75502pt x 185.65686pt.
<Figures/generated/scenario_example.png, id=518, 932.283pt x 497.57895pt>
File: Figures/generated/scenario_example.png Graphic file (type png)
<use Figures/generated/scenario_example.png>
Package pdftex.def Info: Figures/generated/scenario_example.png  used on input 
line 62.
(pdftex.def)             Requested size: 469.75502pt x 250.72493pt.

[20 <./Figures/generated/scenario_summary.png>]
Overfull \hbox (8.98308pt too wide) in paragraph at lines 67--68
[]\OT1/cmr/m/n/12 Figure [][]14[][] maps the per-port vul-ner-a-bil-ity un-der 
the three highest-impact clo-sures (Panama,
 []

<Figures/generated/closure_impact_map.png, id=530, 1431.6687pt x 416.63655pt>
File: Figures/generated/closure_impact_map.png Graphic file (type png)
<use Figures/generated/closure_impact_map.png>
Package pdftex.def Info: Figures/generated/closure_impact_map.png  used on inpu
t line 71.
(pdftex.def)             Requested size: 469.75502pt x 136.70216pt.
[21 <./Figures/generated/scenario_example.png> <./Figures/generated/closure_imp
act_map.png>]
<Figures/generated/partial_degradation_surface_3D_better_angle.png, id=541, 708
.246pt x 632.00114pt>
File: Figures/generated/partial_degradation_surface_3D_better_angle.png Graphic
 file (type png)
<use Figures/generated/partial_degradation_surface_3D_better_angle.png>
Package pdftex.def Info: Figures/generated/partial_degradation_surface_3D_bette
r_angle.png  used on input line 84.
(pdftex.def)             Requested size: 469.75502pt x 419.1954pt.
<Figures/generated/partial_degradation_surface_lines.png, id=542, 858.92896pt x
 428.19975pt>
File: Figures/generated/partial_degradation_surface_lines.png Graphic file (typ
e png)
<use Figures/generated/partial_degradation_surface_lines.png>
Package pdftex.def Info: Figures/generated/partial_degradation_surface_lines.pn
g  used on input line 91.
(pdftex.def)             Requested size: 469.75502pt x 234.19077pt.
 [22 <./Figures/generated/partial_degradation_surface_3D_better_angle.png>]
<Figures/generated/port_vulnerability_heatmap.png, id=549, 1073.2095pt x 1581.9
903pt>
File: Figures/generated/port_vulnerability_heatmap.png Graphic file (type png)
<use Figures/generated/port_vulnerability_heatmap.png>
Package pdftex.def Info: Figures/generated/port_vulnerability_heatmap.png  used
 on input line 103.
(pdftex.def)             Requested size: 375.80544pt x 553.97044pt.
 [23 <./Figures/generated/partial_degradation_surface_lines.png>]
[24 <./Figures/generated/port_vulnerability_heatmap.png>]
<Figures/generated/security_scenario_comparison.png, id=562, 931.19894pt x 498.
30165pt>
File: Figures/generated/security_scenario_comparison.png Graphic file (type png
)
<use Figures/generated/security_scenario_comparison.png>
Package pdftex.def Info: Figures/generated/security_scenario_comparison.png  us
ed on input line 121.
(pdftex.def)             Requested size: 469.75502pt x 251.37042pt.
) [25 <./Figures/generated/security_scenario_comparison.png>] (Paper_sections/D
iscussion.tex
(Tables/generated/cost_per_day_table.tex
Underfull \hbox (badness 10000) in alignment at lines 36--36
[][][][][][] 
 []

) [26] [27] [28]) [29] (Paper_sections/Conclusion.tex) [30] (Paper.bbl [31]
[32]) (Paper_sections/AppendixCostAssumptions.tex
Overfull \hbox (7.40253pt too wide) in paragraph at lines 3--4
\OT1/cmr/m/n/12 Our sce-nario en-gine re-ports rerout-ing costs in \OT1/cmr/m/i
t/12 km-equivalent \OT1/cmr/m/n/12 units, re-flect-ing weighted shortest-
 []


Underfull \hbox (badness 10000) in paragraph at lines 21--21
[]|\OT1/cmr/bx/n/12 Haversine dis-
 []


Underfull \hbox (badness 4416) in paragraph at lines 21--22
\OT1/cmr/m/n/12 node co-or-di-nates; stan-dard
 []


Underfull \hbox (badness 1038) in paragraph at lines 21--22
\OT1/cmr/m/n/12 geodesic for-mula ([][]Allen and
 []


Overfull \hbox (26.71043pt too wide) in paragraph at lines 23--23
[]|\OT1/cmr/m/n/12 dimensionless| 
 []


Underfull \hbox (badness 1552) in paragraph at lines 23--24
\OT1/cmr/m/n/12 via log-linear map-ping; up-
 []


Underfull \hbox (badness 1540) in paragraph at lines 23--24
\OT1/cmr/m/n/12 con-ges-tion es-ti-mates ([][]Not-te-
 []


Underfull \hbox (badness 10000) in paragraph at lines 25--25
[]|\OT1/cmr/bx/n/12 Overland by-
 []


Underfull \hbox (badness 7540) in paragraph at lines 25--25
\OT1/cmr/bx/n/12 pass: Bosporus
 []


Underfull \hbox (badness 10000) in paragraph at lines 25--25
\OT1/cmr/bx/n/12 (Constanta--
 []


Underfull \hbox (badness 10000) in paragraph at lines 25--25
[]|\OT1/cmr/m/n/12 km-
 []


Underfull \hbox (badness 1237) in paragraph at lines 25--26
\OT1/cmr/m/n/12 3--6$\OMS/cmsy/m/n/12 ^^B$ \OT1/cmr/m/n/12 mar-itime cost ([][]
Not-te-
 []


Underfull \hbox (badness 10000) in paragraph at lines 27--27
[]|\OT1/cmr/m/n/12 per
 []


Underfull \hbox (badness 7814) in paragraph at lines 27--28
[]|\OT1/cmr/m/n/12 IFO 380 bench-mark price
 []


Underfull \hbox (badness 2359) in paragraph at lines 27--28
\OT1/cmr/m/n/12 sul-phur cap in-creased costs
 []


Overfull \hbox (14.83pt too wide) in paragraph at lines 29--29
[]|\OT1/cmr/m/n/12 tonnes/day| 
 []


Underfull \hbox (badness 7558) in paragraph at lines 29--30
[]|\OT1/cmr/m/n/12 Typical for Panamax--post-
 []


Underfull \hbox (badness 10000) in paragraph at lines 31--31
[]|\OT1/cmr/m/n/12 per
 []


Underfull \hbox (badness 10000) in paragraph at lines 31--31
\OT1/cmr/m/n/12 1,000
 []


Underfull \hbox (badness 10000) in paragraph at lines 33--33
[]|\OT1/cmr/bx/n/12 War-risk in-sur-
 []


Underfull \hbox (badness 10000) in paragraph at lines 33--33
[]|\OT1/cmr/m/n/12 of hull
 []


Underfull \hbox (badness 10000) in paragraph at lines 35--35
[]|\OT1/cmr/m/n/12 per
 []


Underfull \hbox (badness 10000) in paragraph at lines 37--37
[]|\OT1/cmr/m/n/12 per
 []


Underfull \hbox (badness 10000) in paragraph at lines 39--39
[]|\OT1/cmr/bx/n/12 Average ves-sel
 []


Underfull \hbox (badness 10000) in paragraph at lines 41--41
[]|\TS1/cmr/m/n/12 $\OT1/cmr/m/n/12 10,000--
 []


Underfull \hbox (badness 10000) in paragraph at lines 43--43
[]|\TS1/cmr/m/n/12 $\OT1/cmr/m/n/12 3,000--
 []


Underfull \hbox (badness 4634) in paragraph at lines 45--45
[]|\OT1/cmr/m/n/12 of base
 []


Underfull \hbox (badness 10000) in paragraph at lines 45--46
[]|\OT1/cmr/m/n/12 Applied to chokepoint-
 []


Underfull \hbox (badness 10000) in paragraph at lines 47--47
[]|\OT1/cmr/bx/n/12 Partial degra-da-
 []


Overfull \hbox (26.71043pt too wide) in paragraph at lines 47--47
[]|\OT1/cmr/m/n/12 dimensionless| 
 []


Underfull \hbox (badness 3148) in paragraph at lines 47--48
\OT1/cmr/m/n/12 tion ($1\OML/cmm/m/it/12 :\OT1/cmr/m/n/12 25\OMS/cmsy/m/n/12 ^^
B$\OT1/cmr/m/n/12 ) through near-
 []


Underfull \hbox (badness 10000) in paragraph at lines 49--49
[]|\OT1/cmr/bx/n/12 Global seaborne
 []


Overfull \hbox (18.09386pt too wide) in paragraph at lines 49--49
[]|\OT1/cmr/m/n/12 tonnes/year| 
 []


Underfull \hbox (badness 6910) in paragraph at lines 49--50
\OT1/cmr/m/n/12 for order-of-magnitude cost
 []

ignored error: Infinite glue shrinkage found in box being split [33]
ignored error: Infinite glue shrinkage found in box being split [34])
(Paper_sections/AppendixBboxes.tex [35]
<Figures/generated/appendix_all_bboxes_world.png, id=777, 1138.2525pt x 602.370
45pt>
File: Figures/generated/appendix_all_bboxes_world.png Graphic file (type png)
<use Figures/generated/appendix_all_bboxes_world.png>
Package pdftex.def Info: Figures/generated/appendix_all_bboxes_world.png  used 
on input line 7.
(pdftex.def)             Requested size: 469.75502pt x 248.60037pt.
<Figures/generated/appendix_bbox_Suez_Canal.png, id=778, 460.72125pt x 561.1765
4pt>
File: Figures/generated/appendix_bbox_Suez_Canal.png Graphic file (type png)
<use Figures/generated/appendix_bbox_Suez_Canal.png>
Package pdftex.def Info: Figures/generated/appendix_bbox_Suez_Canal.png  used o
n input line 14.
(pdftex.def)             Requested size: 352.31625pt x 429.13596pt.
 [36 <./Figures/generated/appendix_all_bboxes_world.png>]
<Figures/generated/appendix_bbox_Bab_el_Mandeb.png, id=787, 597.31155pt x 561.1
7654pt>
File: Figures/generated/appendix_bbox_Bab_el_Mandeb.png Graphic file (type png)

<use Figures/generated/appendix_bbox_Bab_el_Mandeb.png>
Package pdftex.def Info: Figures/generated/appendix_bbox_Bab_el_Mandeb.png  use
d on input line 21.
(pdftex.def)             Requested size: 352.31625pt x 331.01422pt.
 [37 <./Figures/generated/appendix_bbox_Suez_Canal.png>]
<Figures/generated/appendix_bbox_Strait_of_Malacca.png, id=794, 598.75694pt x 5
61.17654pt>
File: Figures/generated/appendix_bbox_Strait_of_Malacca.png Graphic file (type 
png)
<use Figures/generated/appendix_bbox_Strait_of_Malacca.png>
Package pdftex.def Info: Figures/generated/appendix_bbox_Strait_of_Malacca.png 
 used on input line 28.
(pdftex.def)             Requested size: 352.31625pt x 330.20074pt.

[38 <./Figures/generated/appendix_bbox_Bab_el_Mandeb.png>]
<Figures/generated/appendix_bbox_Panama_Canal.png, id=801, 586.47105pt x 561.17
654pt>
File: Figures/generated/appendix_bbox_Panama_Canal.png Graphic file (type png)
<use Figures/generated/appendix_bbox_Panama_Canal.png>
Package pdftex.def Info: Figures/generated/appendix_bbox_Panama_Canal.png  used
 on input line 35.
(pdftex.def)             Requested size: 352.31625pt x 337.11954pt.
 [39 <./Figures/generated/appendix_bbox_Strait_of_Malacca.png>]
<Figures/generated/appendix_bbox_Bosporus.png, id=808, 701.019pt x 561.17654pt>

File: Figures/generated/appendix_bbox_Bosporus.png Graphic file (type png)
<use Figures/generated/appendix_bbox_Bosporus.png>
Package pdftex.def Info: Figures/generated/appendix_bbox_Bosporus.png  used on 
input line 42.
(pdftex.def)             Requested size: 352.31625pt x 282.0347pt.
 [40 <./Figures/generated/appendix_bbox_Panama_Canal.png>]
<Figures/generated/appendix_bbox_Gibraltar.png, id=815, 697.76685pt x 561.17654
pt>
File: Figures/generated/appendix_bbox_Gibraltar.png Graphic file (type png)
<use Figures/generated/appendix_bbox_Gibraltar.png>
Package pdftex.def Info: Figures/generated/appendix_bbox_Gibraltar.png  used on
 input line 49.
(pdftex.def)             Requested size: 352.31625pt x 283.35338pt.
) (Paper_sections/AppendixDensity.tex
<Figures/generated/appendix_density_Suez_Canal.png, id=818, 427.47705pt x 561.1
7654pt>
File: Figures/generated/appendix_density_Suez_Canal.png Graphic file (type png)

<use Figures/generated/appendix_density_Suez_Canal.png>
Package pdftex.def Info: Figures/generated/appendix_density_Suez_Canal.png  use
d on input line 7.
(pdftex.def)             Requested size: 352.31625pt x 462.51396pt.
 [41 <./Figures/generated/appendix_bbox_Bosporus.png> <./Figures/generated/appe
ndix_bbox_Gibraltar.png>]
<Figures/generated/appendix_density_Bab_el_Mandeb.png, id=826, 667.7748pt x 559
.3698pt>
File: Figures/generated/appendix_density_Bab_el_Mandeb.png Graphic file (type p
ng)
<use Figures/generated/appendix_density_Bab_el_Mandeb.png>
Package pdftex.def Info: Figures/generated/appendix_density_Bab_el_Mandeb.png  
used on input line 14.
(pdftex.def)             Requested size: 352.31625pt x 295.12453pt.
 [42 <./Figures/generated/appendix_density_Suez_Canal.png>]
<Figures/generated/appendix_density_Strait_of_Malacca.png, id=834, 628.0263pt x
 561.17654pt>
File: Figures/generated/appendix_density_Strait_of_Malacca.png Graphic file (ty
pe png)
<use Figures/generated/appendix_density_Strait_of_Malacca.png>
Package pdftex.def Info: Figures/generated/appendix_density_Strait_of_Malacca.p
ng  used on input line 21.
(pdftex.def)             Requested size: 352.31625pt x 314.82187pt.
 [43 <./Figures/generated/appendix_density_Bab_el_Mandeb.png>]
<Figures/generated/appendix_density_Panama_Canal.png, id=842, 607.068pt x 561.1
7654pt>
File: Figures/generated/appendix_density_Panama_Canal.png Graphic file (type pn
g)
<use Figures/generated/appendix_density_Panama_Canal.png>
Package pdftex.def Info: Figures/generated/appendix_density_Panama_Canal.png  u
sed on input line 28.
(pdftex.def)             Requested size: 352.31625pt x 325.67957pt.
 [44 <./Figures/generated/appendix_density_Strait_of_Malacca.png>]
<Figures/generated/appendix_density_Bosporus.png, id=849, 669.2202pt x 479.8728
pt>
File: Figures/generated/appendix_density_Bosporus.png Graphic file (type png)
<use Figures/generated/appendix_density_Bosporus.png>
Package pdftex.def Info: Figures/generated/appendix_density_Bosporus.png  used 
on input line 35.
(pdftex.def)             Requested size: 352.31625pt x 252.63992pt.
<Figures/generated/appendix_density_Gibraltar.png, id=850, 669.2202pt x 465.418
8pt>
File: Figures/generated/appendix_density_Gibraltar.png Graphic file (type png)
<use Figures/generated/appendix_density_Gibraltar.png>
Package pdftex.def Info: Figures/generated/appendix_density_Gibraltar.png  used
 on input line 42.
(pdftex.def)             Requested size: 352.31625pt x 245.03029pt.
) [45 <./Figures/generated/appendix_density_Panama_Canal.png> <./Figures/genera
ted/appendix_density_Bosporus.png>]
(Paper_sections/AppendixStats.tex
(Tables/generated/chokepoint_density_table.tex)
<Figures/generated/appendix_stats_Suez_Canal.png, id=859, 1171.4967pt x 898.316
1pt>
File: Figures/generated/appendix_stats_Suez_Canal.png Graphic file (type png)
<use Figures/generated/appendix_stats_Suez_Canal.png>
Package pdftex.def Info: Figures/generated/appendix_stats_Suez_Canal.png  used 
on input line 9.
(pdftex.def)             Requested size: 469.75502pt x 360.21104pt.
 [46 <./Figures/generated/appendix_density_Gibraltar.png>]
<Figures/generated/appendix_stats_Bab_el_Mandeb.png, id=866, 1184.86665pt x 898
.3161pt>
File: Figures/generated/appendix_stats_Bab_el_Mandeb.png Graphic file (type png
)
<use Figures/generated/appendix_stats_Bab_el_Mandeb.png>
Package pdftex.def Info: Figures/generated/appendix_stats_Bab_el_Mandeb.png  us
ed on input line 16.
(pdftex.def)             Requested size: 469.75502pt x 356.15372pt.
 [47 <./Figures/generated/appendix_stats_Suez_Canal.png>]
<Figures/generated/appendix_stats_Strait_of_Malacca.png, id=873, 1171.4967pt x 
898.3161pt>
File: Figures/generated/appendix_stats_Strait_of_Malacca.png Graphic file (type
 png)
<use Figures/generated/appendix_stats_Strait_of_Malacca.png>
Package pdftex.def Info: Figures/generated/appendix_stats_Strait_of_Malacca.png
  used on input line 23.
(pdftex.def)             Requested size: 469.75502pt x 360.21104pt.
 [48 <./Figures/generated/appendix_stats_Bab_el_Mandeb.png>]
<Figures/generated/appendix_stats_Panama_Canal.png, id=880, 1171.4967pt x 898.3
161pt>
File: Figures/generated/appendix_stats_Panama_Canal.png Graphic file (type png)

<use Figures/generated/appendix_stats_Panama_Canal.png>
Package pdftex.def Info: Figures/generated/appendix_stats_Panama_Canal.png  use
d on input line 30.
(pdftex.def)             Requested size: 469.75502pt x 360.21104pt.
 [49 <./Figures/generated/appendix_stats_Strait_of_Malacca.png>]
<Figures/generated/appendix_stats_Bosporus.png, id=888, 1171.4967pt x 898.3161p
t>
File: Figures/generated/appendix_stats_Bosporus.png Graphic file (type png)
<use Figures/generated/appendix_stats_Bosporus.png>
Package pdftex.def Info: Figures/generated/appendix_stats_Bosporus.png  used on
 input line 37.
(pdftex.def)             Requested size: 469.75502pt x 360.21104pt.
 [50 <./Figures/generated/appendix_stats_Panama_Canal.png>]
<Figures/generated/appendix_stats_Gibraltar.png, id=895, 1171.4967pt x 898.3161
pt>
File: Figures/generated/appendix_stats_Gibraltar.png Graphic file (type png)
<use Figures/generated/appendix_stats_Gibraltar.png>
Package pdftex.def Info: Figures/generated/appendix_stats_Gibraltar.png  used o
n input line 44.
(pdftex.def)             Requested size: 469.75502pt x 360.21104pt.
) [51 <./Figures/generated/appendix_stats_Bosporus.png>] (Paper_sections/Append
ixShipCounts.tex
Overfull \hbox (13.8336pt too wide) in paragraph at lines 14--26
 [][] 
 []

[52 <./Figures/generated/appendix_stats_Gibraltar.png>]
Overfull \hbox (10.31332pt too wide) in paragraph at lines 32--33
\OT1/cmr/m/n/12 tion 4.3). For each choke-point $\OML/cmm/m/it/12 b$\OT1/cmr/m/
n/12 , the frac-tion of port pairs af-fected is $\OML/cmm/m/it/12 f[] \OT1/cmr/
m/n/12 = [][]\OML/cmm/m/it/12 =\OT1/cmr/m/n/12 1[]540$.
 []

[53]) [54] [55] (Paper.aux)
 ***********
LaTeX2e <2025-11-01>
L3 programming layer <2025-12-24>
 ***********
Package rerunfilecheck Info: File `Paper.out' has not changed.
(rerunfilecheck)             Checksum: 92CB13A551255498DE45380D250A9F0E;7683.
 ) 
Here is how much of TeX's memory you used:
 13557 strings out of 467871
 229999 string characters out of 5418860
 641244 words of memory out of 5000000
 42010 multiletter control sequences out of 15000+600000
 640525 words of font info for 89 fonts, out of 8000000 for 9000
 1141 hyphenation exceptions out of 8191
 75i,9n,79p,1701b,608s stack positions out of 10000i,1000n,20000p,200000b,200000s

pdfTeX warning (dest): name{Hfootnote.1} has been referenced but does not exist
, replaced by a fixed one

 <C:\Users\krpz\AppData\Local\MiKTeX\fonts/pk/ljfour/jknappen/ec/dpi600\tcrm120
0.pk> <C:\Users\krpz\AppData\Local\MiKTeX\fonts/pk/ljfour/jknappen/ec/dpi600\tc
rm1095.pk><C:/Users/krpz/AppData/Local/Programs/MiKTeX/fonts/type1/public/amsfo
nts/cm/cmbx10.pfb><C:/Users/krpz/AppData/Local/Programs/MiKTeX/fonts/type1/publ
ic/amsfonts/cm/cmbx12.pfb><C:/Users/krpz/AppData/Local/Programs/MiKTeX/fonts/ty
pe1/public/amsfonts/cm/cmex10.pfb><C:/Users/krpz/AppData/Local/Programs/MiKTeX/
fonts/type1/public/amsfonts/cm/cmmi12.pfb><C:/Users/krpz/AppData/Local/Programs
/MiKTeX/fonts/type1/public/amsfonts/cm/cmmi6.pfb><C:/Users/krpz/AppData/Local/P
rograms/MiKTeX/fonts/type1/public/amsfonts/cm/cmmi8.pfb><C:/Users/krpz/AppData/
Local/Programs/MiKTeX/fonts/type1/public/amsfonts/cm/cmr10.pfb><C:/Users/krpz/A
ppData/Local/Programs/MiKTeX/fonts/type1/public/amsfonts/cm/cmr12.pfb><C:/Users
/krpz/AppData/Local/Programs/MiKTeX/fonts/type1/public/amsfonts/cm/cmr17.pfb><C
:/Users/krpz/AppData/Local/Programs/MiKTeX/fonts/type1/public/amsfonts/cm/cmr7.
pfb><C:/Users/krpz/AppData/Local/Programs/MiKTeX/fonts/type1/public/amsfonts/cm
/cmr8.pfb><C:/Users/krpz/AppData/Local/Programs/MiKTeX/fonts/type1/public/amsfo
nts/cm/cmsy10.pfb><C:/Users/krpz/AppData/Local/Programs/MiKTeX/fonts/type1/publ
ic/amsfonts/cm/cmsy8.pfb><C:/Users/krpz/AppData/Local/Programs/MiKTeX/fonts/typ
e1/public/amsfonts/cm/cmti10.pfb><C:/Users/krpz/AppData/Local/Programs/MiKTeX/f
onts/type1/public/amsfonts/cm/cmti12.pfb><C:/Users/krpz/AppData/Local/Programs/
MiKTeX/fonts/type1/public/amsfonts/cm/cmtt12.pfb>
Output written on Paper.pdf (55 pages, 25793971 bytes).
PDF statistics:
 1061 PDF objects out of 1200 (max. 8388607)
 220 named destinations out of 1000 (max. 500000)
 501 words of extra memory for PDF output out of 10000 (max. 10000000)

