This is pdfTeX, Version 3.141592653-2.6-1.40.28 (MiKTeX 25.12) (preloaded format=pdflatex 2026.2.12)  22 FEB 2026 19:19
entering extended mode
 restricted \write18 enabled.
 %&-line parsing enabled.
**./Paper.tex
(Paper.tex
LaTeX2e <2025-11-01>
L3 programming layer <2025-12-24>
(C:\Users\krpz\AppData\Local\Programs\MiKTeX\tex/latex/base\article.cls
Document Class: article 2025/01/22 v1.4n Standard LaTeX document class
(C:\Users\krpz\AppData\Local\Programs\MiKTeX\tex/latex/base\size12.clo
File: size12.clo 2025/01/22 v1.4n Standard LaTeX file (size option)
)
\c@part=\count275
\c@section=\count276
\c@subsection=\count277
\c@subsubsection=\count278
\c@paragraph=\count279
\c@subparagraph=\count280
\c@figure=\count281
\c@table=\count282
\abovecaptionskip=\skip49
\belowcaptionskip=\skip50
\bibindent=\dimen148
)
(C:\Users\krpz\AppData\Local\Programs\MiKTeX\tex/latex/geometry\geometry.sty
Package: geometry 2020/01/02 v5.9 Page Geometry

(C:\Users\krpz\AppData\Local\Programs\MiKTeX\tex/latex/graphics\keyval.sty
Package: keyval 2022/05/29 v1.15 key=value parser (DPC)
\KV@toks@=\toks17
)
(C:\Users\krpz\AppData\Local\Programs\MiKTeX\tex/generic/iftex\ifvtex.sty
Package: ifvtex 2019/10/25 v1.7 ifvtex legacy package. Use iftex instead.

(C:\Users\krpz\AppData\Local\Programs\MiKTeX\tex/generic/iftex\iftex.sty
Package: iftex 2024/12/12 v1.0g TeX engine tests
))
\Gm@cnth=\count283
\Gm@cntv=\count284
\c@Gm@tempcnt=\count285
\Gm@bindingoffset=\dimen149
\Gm@wd@mp=\dimen150
\Gm@odd@mp=\dimen151
\Gm@even@mp=\dimen152
\Gm@layoutwidth=\dimen153
\Gm@layoutheight=\dimen154
\Gm@layouthoffset=\dimen155
\Gm@layoutvoffset=\dimen156
\Gm@dimlist=\toks18

(C:\Users\krpz\AppData\Local\Programs\MiKTeX\tex/latex/geometry\geometry.cfg))
(C:\Users\krpz\AppData\Local\Programs\MiKTeX\tex/latex/graphics\graphicx.sty
Package: graphicx 2024/12/31 v1.2e Enhanced LaTeX Graphics (DPC,SPQR)

(C:\Users\krpz\AppData\Local\Programs\MiKTeX\tex/latex/graphics\graphics.sty
Package: graphics 2024/08/06 v1.4g Standard LaTeX Graphics (DPC,SPQR)

(C:\Users\krpz\AppData\Local\Programs\MiKTeX\tex/latex/graphics\trig.sty
Package: trig 2023/12/02 v1.11 sin cos tan (DPC)
)
(C:\Users\krpz\AppData\Local\Programs\MiKTeX\tex/latex/graphics-cfg\graphics.cf
g
File: graphics.cfg 2016/06/04 v1.11 sample graphics configuration
)
Package graphics Info: Driver file: pdftex.def on input line 106.

(C:\Users\krpz\AppData\Local\Programs\MiKTeX\tex/latex/graphics-def\pdftex.def
File: pdftex.def 2025/09/29 v1.2d Graphics/color driver for pdftex
))
\Gin@req@height=\dimen157
\Gin@req@width=\dimen158
) (C:\Users\krpz\AppData\Local\Programs\MiKTeX\tex/latex/booktabs\booktabs.sty
Package: booktabs 2020/01/12 v1.61803398 Publication quality tables
\heavyrulewidth=\dimen159
\lightrulewidth=\dimen160
\cmidrulewidth=\dimen161
\belowrulesep=\dimen162
\belowbottomsep=\dimen163
\aboverulesep=\dimen164
\abovetopsep=\dimen165
\cmidrulesep=\dimen166
\cmidrulekern=\dimen167
\defaultaddspace=\dimen168
\@cmidla=\count286
\@cmidlb=\count287
\@aboverulesep=\dimen169
\@belowrulesep=\dimen170
\@thisruleclass=\count288
\@lastruleclass=\count289
\@thisrulewidth=\dimen171
) (C:\Users\krpz\AppData\Local\Programs\MiKTeX\tex/latex/caption\caption.sty
Package: caption 2023/08/05 v3.6o Customizing captions (AR)

(C:\Users\krpz\AppData\Local\Programs\MiKTeX\tex/latex/caption\caption3.sty
Package: caption3 2023/07/31 v2.4d caption3 kernel (AR)
\caption@tempdima=\dimen172
\captionmargin=\dimen173
\caption@leftmargin=\dimen174
\caption@rightmargin=\dimen175
\caption@width=\dimen176
\caption@indent=\dimen177
\caption@parindent=\dimen178
\caption@hangindent=\dimen179
Package caption Info: Standard document class detected.
)
\c@caption@flags=\count290
\c@continuedfloat=\count291
)
(C:\Users\krpz\AppData\Local\Programs\MiKTeX\tex/latex/caption\subcaption.sty
Package: subcaption 2023/07/28 v1.6b Sub-captions (AR)
Package caption Info: New subtype `subfigure' on input line 238.
\c@subfigure=\count292
Package caption Info: New subtype `subtable' on input line 238.
\c@subtable=\count293
)
(C:\Users\krpz\AppData\Local\Programs\MiKTeX\tex/latex/amsmath\amsmath.sty
Package: amsmath 2025/07/09 v2.17z AMS math features
\@mathmargin=\skip51

For additional information on amsmath, use the `?' option.
(C:\Users\krpz\AppData\Local\Programs\MiKTeX\tex/latex/amsmath\amstext.sty
Package: amstext 2024/11/17 v2.01 AMS text

(C:\Users\krpz\AppData\Local\Programs\MiKTeX\tex/latex/amsmath\amsgen.sty
File: amsgen.sty 1999/11/30 v2.0 generic functions
\@emptytoks=\toks19
\ex@=\dimen180
))
(C:\Users\krpz\AppData\Local\Programs\MiKTeX\tex/latex/amsmath\amsbsy.sty
Package: amsbsy 1999/11/29 v1.2d Bold Symbols
\pmbraise@=\dimen181
)
(C:\Users\krpz\AppData\Local\Programs\MiKTeX\tex/latex/amsmath\amsopn.sty
Package: amsopn 2022/04/08 v2.04 operator names
)
\inf@bad=\count294
LaTeX Info: Redefining \frac on input line 233.
\uproot@=\count295
\leftroot@=\count296
LaTeX Info: Redefining \overline on input line 398.
LaTeX Info: Redefining \colon on input line 409.
\classnum@=\count297
\DOTSCASE@=\count298
LaTeX Info: Redefining \ldots on input line 495.
LaTeX Info: Redefining \dots on input line 498.
LaTeX Info: Redefining \cdots on input line 619.
\Mathstrutbox@=\box53
\strutbox@=\box54
LaTeX Info: Redefining \big on input line 721.
LaTeX Info: Redefining \Big on input line 722.
LaTeX Info: Redefining \bigg on input line 723.
LaTeX Info: Redefining \Bigg on input line 724.
\big@size=\dimen182
LaTeX Font Info:    Redeclaring font encoding OML on input line 742.
LaTeX Font Info:    Redeclaring font encoding OMS on input line 743.
\macc@depth=\count299
LaTeX Info: Redefining \bmod on input line 904.
LaTeX Info: Redefining \pmod on input line 909.
LaTeX Info: Redefining \smash on input line 939.
LaTeX Info: Redefining \relbar on input line 969.
LaTeX Info: Redefining \Relbar on input line 970.
\c@MaxMatrixCols=\count300
\dotsspace@=\muskip17
\c@parentequation=\count301
\dspbrk@lvl=\count302
\tag@help=\toks20
\row@=\count303
\column@=\count304
\maxfields@=\count305
\andhelp@=\toks21
\eqnshift@=\dimen183
\alignsep@=\dimen184
\tagshift@=\dimen185
\tagwidth@=\dimen186
\totwidth@=\dimen187
\lineht@=\dimen188
\@envbody=\toks22
\multlinegap=\skip52
\multlinetaggap=\skip53
\mathdisplay@stack=\toks23
LaTeX Info: Redefining \[ on input line 2950.
LaTeX Info: Redefining \] on input line 2951.
)
(C:\Users\krpz\AppData\Local\Programs\MiKTeX\tex/latex/amsfonts\amssymb.sty
Package: amssymb 2013/01/14 v3.01 AMS font symbols

(C:\Users\krpz\AppData\Local\Programs\MiKTeX\tex/latex/amsfonts\amsfonts.sty
Package: amsfonts 2013/01/14 v3.01 Basic AMSFonts support
\symAMSa=\mathgroup4
\symAMSb=\mathgroup5
LaTeX Font Info:    Redeclaring math symbol \hbar on input line 98.
LaTeX Font Info:    Overwriting math alphabet `\mathfrak' in version `bold'
(Font)                  U/euf/m/n --> U/euf/b/n on input line 106.
))
(C:\Users\krpz\AppData\Local\Programs\MiKTeX\tex/latex/hyperref\hyperref.sty
Package: hyperref 2025-07-12 v7.01o Hypertext links for LaTeX

(C:\Users\krpz\AppData\Local\Programs\MiKTeX\tex/latex/kvsetkeys\kvsetkeys.sty
Package: kvsetkeys 2022-10-05 v1.19 Key value parser (HO)
)
(C:\Users\krpz\AppData\Local\Programs\MiKTeX\tex/generic/kvdefinekeys\kvdefinek
eys.sty
Package: kvdefinekeys 2019-12-19 v1.6 Define keys (HO)
)
(C:\Users\krpz\AppData\Local\Programs\MiKTeX\tex/generic/pdfescape\pdfescape.st
y
Package: pdfescape 2019/12/09 v1.15 Implements pdfTeX's escape features (HO)
 (C:\Users\krpz\AppData\Local\Programs\MiKTeX\tex/generic/ltxcmds\ltxcmds.sty
Package: ltxcmds 2023-12-04 v1.26 LaTeX kernel commands for general use (HO)
)
(C:\Users\krpz\AppData\Local\Programs\MiKTeX\tex/generic/pdftexcmds\pdftexcmds.
sty
Package: pdftexcmds 2020-06-27 v0.33 Utility functions of pdfTeX for LuaTeX (HO
)

(C:\Users\krpz\AppData\Local\Programs\MiKTeX\tex/generic/infwarerr\infwarerr.st
y
Package: infwarerr 2019/12/03 v1.5 Providing info/warning/error messages (HO)
)
Package pdftexcmds Info: \pdf@primitive is available.
Package pdftexcmds Info: \pdf@ifprimitive is available.
Package pdftexcmds Info: \pdfdraftmode found.
)) (C:\Users\krpz\AppData\Local\Programs\MiKTeX\tex/latex/hycolor\hycolor.sty
Package: hycolor 2020-01-27 v1.10 Color options for hyperref/bookmark (HO)
) (C:\Users\krpz\AppData\Local\Programs\MiKTeX\tex/latex/hyperref\nameref.sty
Package: nameref 2025-06-21 v2.57 Cross-referencing by name of section

(C:\Users\krpz\AppData\Local\Programs\MiKTeX\tex/latex/refcount\refcount.sty
Package: refcount 2019/12/15 v3.6 Data extraction from label references (HO)
)
(C:\Users\krpz\AppData\Local\Programs\MiKTeX\tex/generic/gettitlestring\gettitl
estring.sty
Package: gettitlestring 2019/12/15 v1.6 Cleanup title references (HO)

(C:\Users\krpz\AppData\Local\Programs\MiKTeX\tex/latex/kvoptions\kvoptions.sty
Package: kvoptions 2022-06-15 v3.15 Key value format for package options (HO)
))
\c@section@level=\count306
) (C:\Users\krpz\AppData\Local\Programs\MiKTeX\tex/latex/etoolbox\etoolbox.sty
Package: etoolbox 2025/10/02 v2.5m e-TeX tools for LaTeX (JAW)
\etb@tempcnta=\count307
)
(C:\Users\krpz\AppData\Local\Programs\MiKTeX\tex/generic/stringenc\stringenc.st
y
Package: stringenc 2019/11/29 v1.12 Convert strings between diff. encodings (HO
)
)
\@linkdim=\dimen189
\Hy@linkcounter=\count308
\Hy@pagecounter=\count309
 (C:\Users\krpz\AppData\Local\Programs\MiKTeX\tex/latex/hyperref\pd1enc.def
File: pd1enc.def 2025-07-12 v7.01o Hyperref: PDFDocEncoding definition (HO)
Now handling font encoding PD1 ...
... no UTF-8 mapping file for font encoding PD1
)
(C:\Users\krpz\AppData\Local\Programs\MiKTeX\tex/generic/intcalc\intcalc.sty
Package: intcalc 2019/12/15 v1.3 Expandable calculations with integers (HO)
)
\Hy@SavedSpaceFactor=\count310

(C:\Users\krpz\AppData\Local\Programs\MiKTeX\tex/latex/hyperref\puenc.def
File: puenc.def 2025-07-12 v7.01o Hyperref: PDF Unicode definition (HO)
Now handling font encoding PU ...
... no UTF-8 mapping file for font encoding PU
)
Package hyperref Info: Option `breaklinks' set `true' on input line 4066.
Package hyperref Info: Option `colorlinks' set `true' on input line 4066.
Package hyperref Info: Hyper figures OFF on input line 4195.
Package hyperref Info: Link nesting OFF on input line 4200.
Package hyperref Info: Hyper index ON on input line 4203.
Package hyperref Info: Plain pages OFF on input line 4210.
Package hyperref Info: Backreferencing OFF on input line 4215.
Package hyperref Info: Implicit mode ON; LaTeX internals redefined.
Package hyperref Info: Bookmarks ON on input line 4462.
\c@Hy@tempcnt=\count311

(C:\Users\krpz\AppData\Local\Programs\MiKTeX\tex/latex/url\url.sty
\Urlmuskip=\muskip18
Package: url 2013/09/16  ver 3.4  Verb mode for urls, etc.
)
LaTeX Info: Redefining \url on input line 4801.
\XeTeXLinkMargin=\dimen190

(C:\Users\krpz\AppData\Local\Programs\MiKTeX\tex/generic/bitset\bitset.sty
Package: bitset 2019/12/09 v1.3 Handle bit-vector datatype (HO)

(C:\Users\krpz\AppData\Local\Programs\MiKTeX\tex/generic/bigintcalc\bigintcalc.
sty
Package: bigintcalc 2019/12/15 v1.5 Expandable calculations on big integers (HO
)
))
\Fld@menulength=\count312
\Field@Width=\dimen191
\Fld@charsize=\dimen192
Package hyperref Info: Hyper figures OFF on input line 6078.
Package hyperref Info: Link nesting OFF on input line 6083.
Package hyperref Info: Hyper index ON on input line 6086.
Package hyperref Info: backreferencing OFF on input line 6093.
Package hyperref Info: Link coloring ON on input line 6096.
Package hyperref Info: Link coloring with OCG OFF on input line 6103.
Package hyperref Info: PDF/A mode OFF on input line 6108.
\Hy@abspage=\count313
\c@Item=\count314
\c@Hfootnote=\count315
)
Package hyperref Info: Driver (autodetected): hpdftex.

(C:\Users\krpz\AppData\Local\Programs\MiKTeX\tex/latex/hyperref\hpdftex.def
File: hpdftex.def 2025-07-12 v7.01o Hyperref driver for pdfTeX
\Fld@listcount=\count316
\c@bookmark@seq@number=\count317

(C:\Users\krpz\AppData\Local\Programs\MiKTeX\tex/latex/rerunfilecheck\rerunfile
check.sty
Package: rerunfilecheck 2025-06-21 v1.11 Rerun checks for auxiliary files (HO)

(C:\Users\krpz\AppData\Local\Programs\MiKTeX\tex/generic/uniquecounter\uniqueco
unter.sty
Package: uniquecounter 2019/12/15 v1.4 Provide unlimited unique counter (HO)
)
Package uniquecounter Info: New unique counter `rerunfilecheck' on input line 2
84.
)
\Hy@SectionHShift=\skip54
)
(C:\Users\krpz\AppData\Local\Programs\MiKTeX\tex/latex/natbib\natbib.sty
Package: natbib 2010/09/13 8.31b (PWD, AO)
\bibhang=\skip55
\bibsep=\skip56
LaTeX Info: Redefining \cite on input line 694.
\c@NAT@ctr=\count318
)
(C:\Users\krpz\AppData\Local\Programs\MiKTeX\tex/latex/setspace\setspace.sty
Package: setspace 2022/12/04 v6.7b set line spacing
)
(C:\Users\krpz\AppData\Local\Programs\MiKTeX\tex/latex/float\float.sty
Package: float 2001/11/08 v1.3d Float enhancements (AL)
\c@float@type=\count319
\float@exts=\toks24
\float@box=\box55
\@float@everytoks=\toks25
\@floatcapt=\box56
)
(C:\Users\krpz\AppData\Local\Programs\MiKTeX\tex/latex/tools\longtable.sty
Package: longtable 2025-10-13 v4.24 Multi-page Table package (DPC)
\LTleft=\skip57
\LTright=\skip58
\LTpre=\skip59
\LTpost=\skip60
\LTchunksize=\count320
\LTcapwidth=\dimen193
\LT@head=\box57
\LT@firsthead=\box58
\LT@foot=\box59
\LT@lastfoot=\box60
\LT@gbox=\box61
\LT@cols=\count321
\LT@rows=\count322
\c@LT@tables=\count323
\c@LT@chunks=\count324
\LT@p@ftn=\toks26
)
(C:\Users\krpz\AppData\Local\Programs\MiKTeX\tex/latex/enumitem\enumitem.sty
Package: enumitem 2025/02/06 v3.11 Customized lists
\labelindent=\skip61
\enit@outerparindent=\dimen194
\enit@toks=\toks27
\enit@inbox=\box62
\enit@count@id=\count325
\enitdp@description=\count326
)
(C:\Users\krpz\AppData\Local\Programs\MiKTeX\tex/latex/tools\array.sty
Package: array 2025/09/25 v2.6n Tabular extension package (FMi)
\col@sep=\dimen195
\ar@mcellbox=\box63
\extrarowheight=\dimen196
\NC@list=\toks28
\extratabsurround=\skip62
\backup@length=\skip63
\ar@cellbox=\box64
)
(C:\Users\krpz\AppData\Local\Programs\MiKTeX\tex/latex/ragged2e\ragged2e.sty
Package: ragged2e 2023/06/22 v3.6 ragged2e Package
\CenteringLeftskip=\skip64
\RaggedLeftLeftskip=\skip65
\RaggedRightLeftskip=\skip66
\CenteringRightskip=\skip67
\RaggedLeftRightskip=\skip68
\RaggedRightRightskip=\skip69
\CenteringParfillskip=\skip70
\RaggedLeftParfillskip=\skip71
\RaggedRightParfillskip=\skip72
\JustifyingParfillskip=\skip73
\CenteringParindent=\skip74
\RaggedLeftParindent=\skip75
\RaggedRightParindent=\skip76
\JustifyingParindent=\skip77
)
(C:\Users\krpz\AppData\Local\Programs\MiKTeX\tex/latex/l3backend\l3backend-pdft
ex.def
File: l3backend-pdftex.def 2025-10-09 L3 backend support: PDF output (pdfTeX)
\l__color_backend_stack_int=\count327
) (Paper.aux)
\openout1 = `Paper.aux'.

LaTeX Font Info:    Checking defaults for OML/cmm/m/it on input line 35.
LaTeX Font Info:    ... okay on input line 35.
LaTeX Font Info:    Checking defaults for OMS/cmsy/m/n on input line 35.
LaTeX Font Info:    ... okay on input line 35.
LaTeX Font Info:    Checking defaults for OT1/cmr/m/n on input line 35.
LaTeX Font Info:    ... okay on input line 35.
LaTeX Font Info:    Checking defaults for T1/cmr/m/n on input line 35.
LaTeX Font Info:    ... okay on input line 35.
LaTeX Font Info:    Checking defaults for TS1/cmr/m/n on input line 35.
LaTeX Font Info:    ... okay on input line 35.
LaTeX Font Info:    Checking defaults for OMX/cmex/m/n on input line 35.
LaTeX Font Info:    ... okay on input line 35.
LaTeX Font Info:    Checking defaults for U/cmr/m/n on input line 35.
LaTeX Font Info:    ... okay on input line 35.
LaTeX Font Info:    Checking defaults for PD1/pdf/m/n on input line 35.
LaTeX Font Info:    ... okay on input line 35.
LaTeX Font Info:    Checking defaults for PU/pdf/m/n on input line 35.
LaTeX Font Info:    ... okay on input line 35.

*geometry* driver: auto-detecting
*geometry* detected driver: pdftex
*geometry* verbose mode - [ preamble ] result:
* driver: pdftex
* paper: <default>
* layout: <same size as paper>
* layoutoffset:(h,v)=(0.0pt,0.0pt)
* modes: 
* h-part:(L,W,R)=(72.26999pt, 469.75502pt, 72.26999pt)
* v-part:(T,H,B)=(72.26999pt, 650.43001pt, 72.26999pt)
* \paperwidth=614.295pt
* \paperheight=794.96999pt
* \textwidth=469.75502pt
* \textheight=650.43001pt
* \oddsidemargin=0.0pt
* \evensidemargin=0.0pt
* \topmargin=-37.0pt
* \headheight=12.0pt
* \headsep=25.0pt
* \topskip=12.0pt
* \footskip=30.0pt
* \marginparwidth=44.0pt
* \marginparsep=10.0pt
* \columnsep=10.0pt
* \skip\footins=10.8pt plus 4.0pt minus 2.0pt
* \hoffset=0.0pt
* \voffset=0.0pt
* \mag=1000
* \@twocolumnfalse
* \@twosidefalse
* \@mparswitchfalse
* \@reversemarginfalse
* (1in=72.27pt=25.4mm, 1cm=28.453pt)


(C:\Users\krpz\AppData\Local\Programs\MiKTeX\tex/context/base/mkii\supp-pdf.mki
i
[Loading MPS to PDF converter (version 2006.09.02).]
\scratchcounter=\count328
\scratchdimen=\dimen197
\scratchbox=\box65
\nofMPsegments=\count329
\nofMParguments=\count330
\everyMPshowfont=\toks29
\MPscratchCnt=\count331
\MPscratchDim=\dimen198
\MPnumerator=\count332
\makeMPintoPDFobject=\count333
\everyMPtoPDFconversion=\toks30
)
(C:\Users\krpz\AppData\Local\Programs\MiKTeX\tex/latex/epstopdf-pkg\epstopdf-ba
se.sty
Package: epstopdf-base 2020-01-24 v2.11 Base part for package epstopdf
Package epstopdf-base Info: Redefining graphics rule for `.eps' on input line 4
85.

(C:\Users\krpz\AppData\Local\Programs\MiKTeX\tex/latex/00miktex\epstopdf-sys.cf
g
File: epstopdf-sys.cfg 2021/03/18 v2.0 Configuration of epstopdf for MiKTeX
))
Package caption Info: Begin \AtBeginDocument code.
Package caption Info: float package is loaded.
Package caption Info: hyperref package is loaded.
Package caption Info: longtable package is loaded.

(C:\Users\krpz\AppData\Local\Programs\MiKTeX\tex/latex/caption\ltcaption.sty
Package: ltcaption 2021/01/08 v1.4c longtable captions (AR)
)
Package caption Info: End \AtBeginDocument code.

(C:\Users\krpz\AppData\Local\Programs\MiKTeX\tex/latex/graphics\color.sty
Package: color 2025/01/14 v1.3e Standard LaTeX Color (DPC)

(C:\Users\krpz\AppData\Local\Programs\MiKTeX\tex/latex/graphics-cfg\color.cfg
File: color.cfg 2016/01/02 v1.6 sample color configuration
)
Package color Info: Driver file: pdftex.def on input line 149.

(C:\Users\krpz\AppData\Local\Programs\MiKTeX\tex/latex/graphics\mathcolor.ltx))
Package hyperref Info: Link coloring ON on input line 35.
(Paper.out) (Paper.out)
\@outlinefile=\write3
\openout3 = `Paper.out'.

LaTeX Font Info:    Trying to load font information for U+msa on input line 38.


(C:\Users\krpz\AppData\Local\Programs\MiKTeX\tex/latex/amsfonts\umsa.fd
File: umsa.fd 2013/01/14 v3.01 AMS symbols A
)
LaTeX Font Info:    Trying to load font information for U+msb on input line 38.


(C:\Users\krpz\AppData\Local\Programs\MiKTeX\tex/latex/amsfonts\umsb.fd
File: umsb.fd 2013/01/14 v3.01 AMS symbols B
)
(Paper_sections/Introduction.tex [1

{C:/Users/krpz/AppData/Local/MiKTeX/fonts/map/pdftex/pdftex.map}]
<Figures/global_quicklook.png, id=227, 867.24pt x 433.62pt>
File: Figures/global_quicklook.png Graphic file (type png)
<use Figures/global_quicklook.png>
Package pdftex.def Info: Figures/global_quicklook.png  used on input line 15.
(pdftex.def)             Requested size: 469.75502pt x 234.87912pt.
 [2] [3 <./Figures/global_quicklook.png>]) [4]
(Paper_sections/LitReview.tex [5] [6] [7] [8]
Overfull \hbox (9.24834pt too wide) in paragraph at lines 53--54
\OT1/cmr/m/n/12 a doc-toral the-sis that cov-ers mar-ket struc-ture, pric-ing, 
and the eco-nomics of port competition---
 []

) [9] (Paper_sections/Data&Methods.tex [10]
<Figures/bounding_box_example.png, id=430, 510.58755pt x 562.62195pt>
File: Figures/bounding_box_example.png Graphic file (type png)
<use Figures/bounding_box_example.png>
Package pdftex.def Info: Figures/bounding_box_example.png  used on input line 5
0.
(pdftex.def)             Requested size: 399.29463pt x 440.00232pt.
 [11] [12 <./Figures/bounding_box_example.png>] [13]
<Figures/network_world_map.png, id=462, 1287.1287pt x 686.565pt>
File: Figures/network_world_map.png Graphic file (type png)
<use Figures/network_world_map.png>
Package pdftex.def Info: Figures/network_world_map.png  used on input line 80.
(pdftex.def)             Requested size: 469.75502pt x 250.56795pt.
 [14 <./Figures/network_world_map.png>]
<Figures/edge_cost_diagram.png, id=480, 853.14735pt x 505.1673pt>
File: Figures/edge_cost_diagram.png Graphic file (type png)
<use Figures/edge_cost_diagram.png>
Package pdftex.def Info: Figures/edge_cost_diagram.png  used on input line 110.

(pdftex.def)             Requested size: 399.29463pt x 236.4343pt.
 [15]
<Figures/security_shifter_comparison.png, id=490, 1122.3531pt x 504.80595pt>
File: Figures/security_shifter_comparison.png Graphic file (type png)
<use Figures/security_shifter_comparison.png>
Package pdftex.def Info: Figures/security_shifter_comparison.png  used on input
 line 119.
(pdftex.def)             Requested size: 469.75502pt x 211.27759pt.

Overfull \hbox (7.40253pt too wide) in paragraph at lines 127--128
\OT1/cmr/m/n/12 Our sce-nario en-gine re-ports rerout-ing costs in \OT1/cmr/m/i
t/12 km-equivalent \OT1/cmr/m/n/12 units, re-flect-ing weighted shortest-
 []

[16 <./Figures/edge_cost_diagram.png> <./Figures/security_shifter_comparison.pn
g>]
Overfull \hbox (469.75502pt too wide) detected at line 140
[]
 []


Overfull \hbox (23.99997pt too wide) in alignment at lines 139--144
[] [] [] []
 []


Overfull \hbox (23.99997pt too wide) in alignment at lines 144--149
[] [] [] []
 []


Overfull \hbox (23.99997pt too wide) in alignment at lines 149--153
[] [] [] []
 []


Overfull \hbox (23.99997pt too wide) in alignment at lines 153--156
[] [] [] []
 []


Overfull \hbox (8.2976pt too wide) in paragraph at lines 161--161
 []|\OT1/cmr/m/n/10.95 dimensionless| 
 []


Overfull \hbox (8.2976pt too wide) in paragraph at lines 197--197
 []|\OT1/cmr/m/n/10.95 dimensionless| 
 []


Overfull \hbox (23.99997pt too wide) in alignment at lines 156--203
[] [] [] []
 []

ignored error: Infinite glue shrinkage found in box being split [17] [18]
<Figures/congestion_calibration.png, id=552, 995.8806pt x 417.35925pt>
File: Figures/congestion_calibration.png Graphic file (type png)
<use Figures/congestion_calibration.png>
Package pdftex.def Info: Figures/congestion_calibration.png  used on input line
 275.
(pdftex.def)             Requested size: 469.75502pt x 196.86575pt.

[19 <./Figures/congestion_calibration.png>]
<Figures/route_choice_before_after.png, id=569, 1287.1287pt x 459.6372pt>
File: Figures/route_choice_before_after.png Graphic file (type png)
<use Figures/route_choice_before_after.png>
Package pdftex.def Info: Figures/route_choice_before_after.png  used on input l
ine 293.
(pdftex.def)             Requested size: 469.75502pt x 167.74864pt.
 [20 <./Figures/route_choice_before_after.png>]
Overfull \hbox (29.34064pt too wide) in paragraph at lines 307--309
\OT1/cmr/m/n/12 where $\OMS/cmsy/m/n/12 E\OT1/cmr/m/n/12 (\OML/cmm/m/it/12 b\OT
1/cmr/m/n/12 )$ is the set of edges in-ci-dent to choke-point $\OML/cmm/m/it/12
 b$\OT1/cmr/m/n/12 . We vary $\OML/cmm/m/it/12  \OMS/cmsy/m/n/12 2 f\OT1/cmr/m
/n/12 1\OML/cmm/m/it/12 :\OT1/cmr/m/n/12 25\OML/cmm/m/it/12 ; \OT1/cmr/m/n/12 1
\OML/cmm/m/it/12 :\OT1/cmr/m/n/12 5\OML/cmm/m/it/12 ; \OT1/cmr/m/n/12 2\OML/cmm
/m/it/12 :\OT1/cmr/m/n/12 0\OML/cmm/m/it/12 ; \OT1/cmr/m/n/12 3\OML/cmm/m/it/12
 :\OT1/cmr/m/n/12 0\OML/cmm/m/it/12 ; \OT1/cmr/m/n/12 5\OML/cmm/m/it/12 :\OT1/c
mr/m/n/12 0\OML/cmm/m/it/12 ; \OT1/cmr/m/n/12 8\OML/cmm/m/it/12 :\OT1/cmr/m/n/1
2 0\OML/cmm/m/it/12 ; \OT1/cmr/m/n/12 10\OML/cmm/m/it/12 :\OT1/cmr/m/n/12 0\OMS
/cmsy/m/n/12 g$
 []

<Figures/suez_scenario_3panel.png, id=580, 1431.30734pt x 486.3771pt>
File: Figures/suez_scenario_3panel.png Graphic file (type png)
<use Figures/suez_scenario_3panel.png>
Package pdftex.def Info: Figures/suez_scenario_3panel.png  used on input line 3
18.
(pdftex.def)             Requested size: 469.75502pt x 159.6292pt.
[21 <./Figures/suez_scenario_3panel.png>]) (Paper_sections/Results.tex
File: Figures/global_quicklook.png Graphic file (type png)
<use Figures/global_quicklook.png>
Package pdftex.def Info: Figures/global_quicklook.png  used on input line 13.
(pdftex.def)             Requested size: 469.75502pt x 234.87912pt.
 [22]
<Figures/suez_intensity_detail.png, id=607, 422.41815pt x 562.62195pt>
File: Figures/suez_intensity_detail.png Graphic file (type png)
<use Figures/suez_intensity_detail.png>
Package pdftex.def Info: Figures/suez_intensity_detail.png  used on input line 
26.
(pdftex.def)             Requested size: 375.80544pt x 500.54309pt.

[23]
<Figures/suez_density_stats.png, id=614, 1062.369pt x 947.09834pt>
File: Figures/suez_density_stats.png Graphic file (type png)
<use Figures/suez_density_stats.png>
Package pdftex.def Info: Figures/suez_density_stats.png  used on input line 35.

(pdftex.def)             Requested size: 469.75502pt x 418.79112pt.
 [24 <./Figures/suez_intensity_detail.png>] [25 <./Figures/suez_density_stats.p
ng>] (Tables/scenario_deltas_table.tex)
<Figures/scenario_summary.png, id=633, 1076.1003pt x 425.30894pt>
File: Figures/scenario_summary.png Graphic file (type png)
<use Figures/scenario_summary.png>
Package pdftex.def Info: Figures/scenario_summary.png  used on input line 61.
(pdftex.def)             Requested size: 469.75502pt x 185.65686pt.
 [26]
<Figures/scenario_example.png, id=647, 932.283pt x 497.57895pt>
File: Figures/scenario_example.png Graphic file (type png)
<use Figures/scenario_example.png>
Package pdftex.def Info: Figures/scenario_example.png  used on input line 70.
(pdftex.def)             Requested size: 469.75502pt x 250.72493pt.
 [27 <./Figures/scenario_summary.png>]
<Figures/closure_impact_map.png, id=655, 1431.6687pt x 416.63655pt>
File: Figures/closure_impact_map.png Graphic file (type png)
<use Figures/closure_impact_map.png>
Package pdftex.def Info: Figures/closure_impact_map.png  used on input line 79.

(pdftex.def)             Requested size: 469.75502pt x 136.70216pt.
 [28 <./Figures/scenario_example.png> <./Figures/closure_impact_map.png>]
<Figures/partial_degradation_surface.png, id=666, 703.1871pt x 617.54715pt>
File: Figures/partial_degradation_surface.png Graphic file (type png)
<use Figures/partial_degradation_surface.png>
Package pdftex.def Info: Figures/partial_degradation_surface.png  used on input
 line 92.
(pdftex.def)             Requested size: 375.80544pt x 330.04994pt.
 [29 <./Figures/partial_degradation_surface.png>]
<Figures/port_vulnerability_heatmap.png, id=682, 1073.2095pt x 1581.9903pt>
File: Figures/port_vulnerability_heatmap.png Graphic file (type png)
<use Figures/port_vulnerability_heatmap.png>
Package pdftex.def Info: Figures/port_vulnerability_heatmap.png  used on input 
line 105.
(pdftex.def)             Requested size: 413.3867pt x 609.36989pt.
 [30]
Overfull \vbox (12.43987pt too high) has occurred while \output is active []


[31 <./Figures/port_vulnerability_heatmap.png>]
<Figures/security_scenario_comparison.png, id=695, 931.19894pt x 498.30165pt>
File: Figures/security_scenario_comparison.png Graphic file (type png)
<use Figures/security_scenario_comparison.png>
Package pdftex.def Info: Figures/security_scenario_comparison.png  used on inpu
t line 127.
(pdftex.def)             Requested size: 469.75502pt x 251.37042pt.
 [32])
(Paper_sections/Discussion.tex (Tables/cost_per_day_table.tex) [33 <./Figures/s
ecurity_scenario_comparison.png>] [34] [35] [36] [37] [38]) [39] (Paper.bbl
[40] [41]) [42]
<Figures/appendix_all_bboxes_world.png, id=869, 1138.2525pt x 602.37045pt>
File: Figures/appendix_all_bboxes_world.png Graphic file (type png)
<use Figures/appendix_all_bboxes_world.png>
Package pdftex.def Info: Figures/appendix_all_bboxes_world.png  used on input l
ine 79.
(pdftex.def)             Requested size: 469.75502pt x 248.60037pt.
<Figures/appendix_bbox_Suez_Canal.png, id=870, 460.72125pt x 561.17654pt>
File: Figures/appendix_bbox_Suez_Canal.png Graphic file (type png)
<use Figures/appendix_bbox_Suez_Canal.png>
Package pdftex.def Info: Figures/appendix_bbox_Suez_Canal.png  used on input li
ne 86.
(pdftex.def)             Requested size: 352.31625pt x 429.13596pt.
 [43 <./Figures/appendix_all_bboxes_world.png>]
<Figures/appendix_bbox_Bab_el_Mandeb.png, id=879, 597.31155pt x 561.17654pt>
File: Figures/appendix_bbox_Bab_el_Mandeb.png Graphic file (type png)
<use Figures/appendix_bbox_Bab_el_Mandeb.png>
Package pdftex.def Info: Figures/appendix_bbox_Bab_el_Mandeb.png  used on input
 line 93.
(pdftex.def)             Requested size: 352.31625pt x 331.01422pt.
 [44 <./Figures/appendix_bbox_Suez_Canal.png>]
<Figures/appendix_bbox_Strait_of_Malacca.png, id=885, 598.75694pt x 561.17654pt
>
File: Figures/appendix_bbox_Strait_of_Malacca.png Graphic file (type png)
<use Figures/appendix_bbox_Strait_of_Malacca.png>
Package pdftex.def Info: Figures/appendix_bbox_Strait_of_Malacca.png  used on i
nput line 99.
(pdftex.def)             Requested size: 352.31625pt x 330.20074pt.
 [45 <./Figures/appendix_bbox_Bab_el_Mandeb.png>]
<Figures/appendix_bbox_Panama_Canal.png, id=892, 586.47105pt x 561.17654pt>
File: Figures/appendix_bbox_Panama_Canal.png Graphic file (type png)
<use Figures/appendix_bbox_Panama_Canal.png>
Package pdftex.def Info: Figures/appendix_bbox_Panama_Canal.png  used on input 
line 105.
(pdftex.def)             Requested size: 352.31625pt x 337.11954pt.

[46 <./Figures/appendix_bbox_Strait_of_Malacca.png>]
<Figures/appendix_bbox_Bosporus.png, id=899, 701.019pt x 561.17654pt>
File: Figures/appendix_bbox_Bosporus.png Graphic file (type png)
<use Figures/appendix_bbox_Bosporus.png>
Package pdftex.def Info: Figures/appendix_bbox_Bosporus.png  used on input line
 111.
(pdftex.def)             Requested size: 352.31625pt x 282.0347pt.
 [47 <./Figures/appendix_bbox_Panama_Canal.png>]
<Figures/appendix_bbox_Gibraltar.png, id=906, 697.76685pt x 561.17654pt>
File: Figures/appendix_bbox_Gibraltar.png Graphic file (type png)
<use Figures/appendix_bbox_Gibraltar.png>
Package pdftex.def Info: Figures/appendix_bbox_Gibraltar.png  used on input lin
e 117.
(pdftex.def)             Requested size: 352.31625pt x 283.35338pt.
<Figures/appendix_density_Suez_Canal.png, id=909, 427.47705pt x 561.17654pt>
File: Figures/appendix_density_Suez_Canal.png Graphic file (type png)
<use Figures/appendix_density_Suez_Canal.png>
Package pdftex.def Info: Figures/appendix_density_Suez_Canal.png  used on input
 line 129.
(pdftex.def)             Requested size: 352.31625pt x 462.51396pt.
 [48 <./Figures/appendix_bbox_Bosporus.png> <./Figures/appendix_bbox_Gibraltar.
png>]
<Figures/appendix_density_Bab_el_Mandeb.png, id=917, 667.7748pt x 559.3698pt>
File: Figures/appendix_density_Bab_el_Mandeb.png Graphic file (type png)
<use Figures/appendix_density_Bab_el_Mandeb.png>
Package pdftex.def Info: Figures/appendix_density_Bab_el_Mandeb.png  used on in
put line 136.
(pdftex.def)             Requested size: 352.31625pt x 295.12453pt.
 [49 <./Figures/appendix_density_Suez_Canal.png>]
<Figures/appendix_density_Strait_of_Malacca.png, id=926, 628.0263pt x 561.17654
pt>
File: Figures/appendix_density_Strait_of_Malacca.png Graphic file (type png)
<use Figures/appendix_density_Strait_of_Malacca.png>
Package pdftex.def Info: Figures/appendix_density_Strait_of_Malacca.png  used o
n input line 142.
(pdftex.def)             Requested size: 352.31625pt x 314.82187pt.

[50 <./Figures/appendix_density_Bab_el_Mandeb.png>]
<Figures/appendix_density_Panama_Canal.png, id=933, 607.068pt x 561.17654pt>
File: Figures/appendix_density_Panama_Canal.png Graphic file (type png)
<use Figures/appendix_density_Panama_Canal.png>
Package pdftex.def Info: Figures/appendix_density_Panama_Canal.png  used on inp
ut line 148.
(pdftex.def)             Requested size: 352.31625pt x 325.67957pt.
 [51 <./Figures/appendix_density_Strait_of_Malacca.png>]
<Figures/appendix_density_Bosporus.png, id=940, 669.2202pt x 479.8728pt>
File: Figures/appendix_density_Bosporus.png Graphic file (type png)
<use Figures/appendix_density_Bosporus.png>
Package pdftex.def Info: Figures/appendix_density_Bosporus.png  used on input l
ine 154.
(pdftex.def)             Requested size: 352.31625pt x 252.63992pt.
<Figures/appendix_density_Gibraltar.png, id=941, 669.2202pt x 465.4188pt>
File: Figures/appendix_density_Gibraltar.png Graphic file (type png)
<use Figures/appendix_density_Gibraltar.png>
Package pdftex.def Info: Figures/appendix_density_Gibraltar.png  used on input 
line 160.
(pdftex.def)             Requested size: 352.31625pt x 245.03029pt.
 [52 <./Figures/appendix_density_Panama_Canal.png> <./Figures/appendix_density_
Bosporus.png>] (Tables/chokepoint_density_table.tex)
<Figures/appendix_stats_Suez_Canal.png, id=950, 1171.4967pt x 898.3161pt>
File: Figures/appendix_stats_Suez_Canal.png Graphic file (type png)
<use Figures/appendix_stats_Suez_Canal.png>
Package pdftex.def Info: Figures/appendix_stats_Suez_Canal.png  used on input l
ine 174.
(pdftex.def)             Requested size: 469.75502pt x 360.21104pt.
 [53 <./Figures/appendix_density_Gibraltar.png>]
<Figures/appendix_stats_Bab_el_Mandeb.png, id=957, 1184.86665pt x 898.3161pt>
File: Figures/appendix_stats_Bab_el_Mandeb.png Graphic file (type png)
<use Figures/appendix_stats_Bab_el_Mandeb.png>
Package pdftex.def Info: Figures/appendix_stats_Bab_el_Mandeb.png  used on inpu
t line 180.
(pdftex.def)             Requested size: 469.75502pt x 356.15372pt.
 [54 <./Figures/appendix_stats_Suez_Canal.png>]
<Figures/appendix_stats_Strait_of_Malacca.png, id=964, 1171.4967pt x 898.3161pt
>
File: Figures/appendix_stats_Strait_of_Malacca.png Graphic file (type png)
<use Figures/appendix_stats_Strait_of_Malacca.png>
Package pdftex.def Info: Figures/appendix_stats_Strait_of_Malacca.png  used on 
input line 186.
(pdftex.def)             Requested size: 469.75502pt x 360.21104pt.
 [55 <./Figures/appendix_stats_Bab_el_Mandeb.png>]
<Figures/appendix_stats_Panama_Canal.png, id=972, 1171.4967pt x 898.3161pt>
File: Figures/appendix_stats_Panama_Canal.png Graphic file (type png)
<use Figures/appendix_stats_Panama_Canal.png>
Package pdftex.def Info: Figures/appendix_stats_Panama_Canal.png  used on input
 line 192.
(pdftex.def)             Requested size: 469.75502pt x 360.21104pt.
 [56 <./Figures/appendix_stats_Strait_of_Malacca.png>]
<Figures/appendix_stats_Bosporus.png, id=979, 1171.4967pt x 898.3161pt>
File: Figures/appendix_stats_Bosporus.png Graphic file (type png)
<use Figures/appendix_stats_Bosporus.png>
Package pdftex.def Info: Figures/appendix_stats_Bosporus.png  used on input lin
e 198.
(pdftex.def)             Requested size: 469.75502pt x 360.21104pt.
 [57 <./Figures/appendix_stats_Panama_Canal.png>]
<Figures/appendix_stats_Gibraltar.png, id=986, 1171.4967pt x 898.3161pt>
File: Figures/appendix_stats_Gibraltar.png Graphic file (type png)
<use Figures/appendix_stats_Gibraltar.png>
Package pdftex.def Info: Figures/appendix_stats_Gibraltar.png  used on input li
ne 204.
(pdftex.def)             Requested size: 469.75502pt x 360.21104pt.
 [58 <./Figures/appendix_stats_Bosporus.png>]
(Paper_sections/Appendix6.tex
Overfull \hbox (13.8336pt too wide) in paragraph at lines 13--25
 [][] 
 []

[59 <./Figures/appendix_stats_Gibraltar.png>]
Overfull \hbox (10.31332pt too wide) in paragraph at lines 31--32
\OT1/cmr/m/n/12 tion 4.3). For each choke-point $\OML/cmm/m/it/12 b$\OT1/cmr/m/
n/12 , the frac-tion of port pairs af-fected is $\OML/cmm/m/it/12 f[] \OT1/cmr/
m/n/12 = [][]\OML/cmm/m/it/12 =\OT1/cmr/m/n/12 1[]540$.
 []

[60]) [61] [62] (Paper.aux)
 ***********
LaTeX2e <2025-11-01>
L3 programming layer <2025-12-24>
 ***********
Package rerunfilecheck Info: File `Paper.out' has not changed.
(rerunfilecheck)             Checksum: 7A35B4A6C1937000BF386616249417E8;9743.
 ) 
Here is how much of TeX's memory you used:
 13534 strings out of 467871
 225188 string characters out of 5418860
 636888 words of memory out of 5000000
 41986 multiletter control sequences out of 15000+600000
 639711 words of font info for 85 fonts, out of 8000000 for 9000
 1141 hyphenation exceptions out of 8191
 75i,9n,79p,1729b,662s stack positions out of 10000i,1000n,20000p,200000b,200000s
 <C:\Users\krpz\AppData\Local\MiKTeX\fonts/pk/ljfour/jknappen/ec/dpi600\tcrm1
200.pk> <C:\Users\krpz\AppData\Local\MiKTeX\fonts/pk/ljfour/jknappen/ec/dpi600\
tcrm1095.pk><C:/Users/krpz/AppData/Local/Programs/MiKTeX/fonts/type1/public/ams
fonts/cm/cmbx10.pfb><C:/Users/krpz/AppData/Local/Programs/MiKTeX/fonts/type1/pu
blic/amsfonts/cm/cmbx12.pfb><C:/Users/krpz/AppData/Local/Programs/MiKTeX/fonts/
type1/public/amsfonts/cm/cmex10.pfb><C:/Users/krpz/AppData/Local/Programs/MiKTe
X/fonts/type1/public/amsfonts/cm/cmmi10.pfb><C:/Users/krpz/AppData/Local/Progra
ms/MiKTeX/fonts/type1/public/amsfonts/cm/cmmi12.pfb><C:/Users/krpz/AppData/Loca
l/Programs/MiKTeX/fonts/type1/public/amsfonts/cm/cmmi6.pfb><C:/Users/krpz/AppDa
ta/Local/Programs/MiKTeX/fonts/type1/public/amsfonts/cm/cmmi8.pfb><C:/Users/krp
z/AppData/Local/Programs/MiKTeX/fonts/type1/public/amsfonts/cm/cmr10.pfb><C:/Us
ers/krpz/AppData/Local/Programs/MiKTeX/fonts/type1/public/amsfonts/cm/cmr12.pfb
><C:/Users/krpz/AppData/Local/Programs/MiKTeX/fonts/type1/public/amsfonts/cm/cm
r17.pfb><C:/Users/krpz/AppData/Local/Programs/MiKTeX/fonts/type1/public/amsfont
s/cm/cmr8.pfb><C:/Users/krpz/AppData/Local/Programs/MiKTeX/fonts/type1/public/a
msfonts/cm/cmsy10.pfb><C:/Users/krpz/AppData/Local/Programs/MiKTeX/fonts/type1/
public/amsfonts/cm/cmsy8.pfb><C:/Users/krpz/AppData/Local/Programs/MiKTeX/fonts
/type1/public/amsfonts/cm/cmti10.pfb><C:/Users/krpz/AppData/Local/Programs/MiKT
eX/fonts/type1/public/amsfonts/cm/cmti12.pfb>
Output written on Paper.pdf (62 pages, 25393670 bytes).
PDF statistics:
 1151 PDF objects out of 1200 (max. 8388607)
 238 named destinations out of 1000 (max. 500000)
 560 words of extra memory for PDF output out of 10000 (max. 10000000)

